VPR FPGA Placement and Routing.
Version: 8.1.0-dev+dadca7ecf-dirty
Revision: v8.0.0-rc2-2909-gdadca7ecf-dirty
Compiled: 2025-09-17T14:53:14
Compiler: GNU 12.2.0 on Linux-6.2.1-PRoot-Distro aarch64
Build Info: release IPO VTR_ASSERT_LEVEL=2

University of Toronto
verilogtorouting.org
vtr-users@googlegroups.com
This is free open source code under MIT license.

VPR was run with the following command-line:
vpr /root/symbiflow/quicklogic-arch-defs/share/arch/ql-eos-s3_wlcsp/arch.timing.xml inc_dec.eblif --device ql-eos-s3 --max_router_iterations 500 --routing_failure_predictor off --router_high_fanout_threshold -1 --constant_net_method route --route_chan_width 100 --clock_modeling route --place_delay_model delta_override --router_lookahead map --check_route quick --strict_checks off --allow_dangling_combinational_nodes on --disable_errors check_unbuffered_edges:check_route --congested_routing_iteration_threshold 0.8 --incremental_reroute_delay_ripup off --base_cost_type delay_normalized_length_bounded --bb_factor 10 --initial_pres_fac 4.0 --check_rr_graph off --suppress_warnings ,sum_pin_class:check_unbuffered_edges:load_rr_indexed_data_T_values:check_rr_node:trans_per_R:check_route:set_rr_graph_tool_comment:warn_model_missing_timing --read_rr_graph /root/symbiflow/quicklogic-arch-defs/share/arch/ql-eos-s3_wlcsp/rr_graph_ql-eos-s3_wlcsp.rr_graph.real.bin --read_placement_delay_lookup /root/symbiflow/quicklogic-arch-defs/share/arch/ql-eos-s3_wlcsp/rr_graph_ql-eos-s3_wlcsp.place_delay.bin --sdc_file /root/vaman-task/7474/build/inc_dec_dummy.sdc --pack


Architecture file: /root/symbiflow/quicklogic-arch-defs/share/arch/ql-eos-s3_wlcsp/arch.timing.xml
Circuit name: inc_dec

# Loading Architecture Description
# Loading Architecture Description took 0.58 seconds (max_rss 26.9 MiB, delta_rss +23.4 MiB)
# Building complex block graph
# Building complex block graph took 0.17 seconds (max_rss 33.7 MiB, delta_rss +6.8 MiB)
# Load circuit
# Load circuit took 0.00 seconds (max_rss 33.7 MiB, delta_rss +0.0 MiB)
# Clean circuit
Absorbed 38 LUT buffers
Inferred    3 additional primitive pins as constant generators since they have no combinationally connected inputs
Inferred    1 additional primitive pins as constant generators due to constant inputs
Inferred    0 additional primitive pins as constant generators since they have no combinationally connected inputs
Inferred    0 additional primitive pins as constant generators due to constant inputs
Inferred    0 additional primitive pins as constant generators since they have no combinationally connected inputs
Inferred    0 additional primitive pins as constant generators due to constant inputs
Swept input(s)      : 0
Swept output(s)     : 0 (0 dangling, 0 constant)
Swept net(s)        : 1
Swept block(s)      : 1
Constant Pins Marked: 4
# Clean circuit took 0.00 seconds (max_rss 33.7 MiB, delta_rss +0.0 MiB)
# Compress circuit
# Compress circuit took 0.00 seconds (max_rss 33.7 MiB, delta_rss +0.0 MiB)
# Verify circuit
# Verify circuit took 0.00 seconds (max_rss 33.7 MiB, delta_rss +0.0 MiB)
Circuit Statistics:
  Blocks: 31
    .input      :       3
    .output     :       8
    BIDIR_CELL  :       9
    F_FRAG      :       1
    GND         :       1
    Q_FRAG      :       2
    SDIOMUX_CELL:       2
    T_FRAG      :       4
    VCC         :       1
  Nets  : 23
    Avg Fanout:     3.7
    Max Fanout:    32.0
    Min Fanout:     1.0
  Netlist Clocks: 1
# Build Timing Graph
Warning 1: Inferred implicit clock source $auto$clkbufmap.cc:252:execute$1066.I_DAT[0] for netlist clock $auto$clkbufmap.cc:247:execute$1065 (possibly data used as clock)
Warning 2: Timing edge from $auto$clkbufmap.cc:252:execute$1066.I_EN[0] to $auto$clkbufmap.cc:252:execute$1066.I_DAT[0] will not be created since $auto$clkbufmap.cc:252:execute$1066.I_DAT[0] has been identified as a clock generator
Warning 3: Timing edge from $auto$clkbufmap.cc:252:execute$1066.I_PAD_$inp[0] to $auto$clkbufmap.cc:252:execute$1066.I_DAT[0] will not be created since $auto$clkbufmap.cc:252:execute$1066.I_DAT[0] has been identified as a clock generator
  Timing Graph Nodes: 109
  Timing Graph Edges: 147
  Timing Graph Levels: 8
# Build Timing Graph took 0.00 seconds (max_rss 33.7 MiB, delta_rss +0.0 MiB)
Netlist contains 1 clocks
  Netlist Clock '$auto$clkbufmap.cc:247:execute$1065' Fanout: 2 pins (1.8%), 2 blocks (6.5%)
# Load Timing Constraints

SDC file '/root/vaman-task/7474/build/inc_dec_dummy.sdc' contained no SDC commands
Setting default timing constraints:
   * constrain all primay inputs and primary outputs on netlist clock '$auto$clkbufmap.cc:247:execute$1065'
   * optimize netlist clock to run as fast as possible
Timing constraints created 1 clocks
  Constrained Clock '$auto$clkbufmap.cc:247:execute$1065' Source: '$auto$clkbufmap.cc:252:execute$1066.I_DAT[0]'

# Load Timing Constraints took 0.00 seconds (max_rss 33.7 MiB, delta_rss +0.0 MiB)
Timing analysis: ON
Circuit netlist file: inc_dec.net
Circuit placement file: inc_dec.place
Circuit routing file: inc_dec.route
Circuit SDC file: /root/vaman-task/7474/build/inc_dec_dummy.sdc

Packer: ENABLED
Placer: DISABLED
Router: DISABLED
Analysis: DISABLED

NetlistOpts.abosrb_buffer_luts            : true
NetlistOpts.sweep_dangling_primary_ios    : true
NetlistOpts.sweep_dangling_nets           : true
NetlistOpts.sweep_dangling_blocks         : true
NetlistOpts.sweep_constant_primary_outputs: false
NetlistOpts.netlist_verbosity             : 1
NetlistOpts.const_gen_inference           : COMB_SEQ

PackerOpts.allow_unrelated_clustering: auto
PackerOpts.alpha_clustering: 0.750000
PackerOpts.beta_clustering: 0.900000
PackerOpts.cluster_seed_type: BLEND2
PackerOpts.connection_driven: true
PackerOpts.global_clocks: true
PackerOpts.hill_climbing_flag: false
PackerOpts.inter_cluster_net_delay: 1.000000
PackerOpts.timing_driven: true
PackerOpts.target_external_pin_util: auto

RoutingArch.directionality: BI_DIRECTIONAL
RoutingArch.switch_block_type: WILTON
RoutingArch.Fs: 3

# Packing
Begin packing 'inc_dec.eblif'.

After removing unused inputs...
	total blocks: 31, total nets: 23, total inputs: 3, total outputs: 8
Begin prepacking.
Finish prepacking.
Using inter-cluster delay: 1.2e-14
Warning 4: Unable to determine most common block type (perhaps the device grid was empty?)
Warning 5: Unable to infer which block type is a logic block
Warning 6: Unable to identify logic block type to apply default pin utilization targets to; this may result in denser packing than desired
Warning 7: Unable to determine most common block type (perhaps the device grid was empty?)
Warning 8: Unable to infer which block type is a logic block
Warning 9: Unable to identify logic block type to apply default packer high fanout thresholds; this may result in denser packing than desired
Packing with pin utilization targets: TL-LOGIC:1,1 TL-RAM:1,1 TL-MULT:1,1 TL-BIDIR:1,1 TL-CLOCK:1,1 TL-SDIOMUX:1,1 TL-GMUX:1,1 TL-ASSP:1,1 TL-SYN_VCC:1,1 TL-SYN_GND:1,1
Packing with high fanout thresholds: TL-LOGIC:128 TL-RAM:128 TL-MULT:128 TL-BIDIR:128 TL-CLOCK:128 TL-SDIOMUX:128 TL-GMUX:128 TL-ASSP:128 TL-SYN_VCC:128 TL-SYN_GND:128
Not enough resources expand FPGA size to (39 x 35)
Complex block 0: 'led_LUT2_O.t_frag' (PB-LOGIC) ....
Complex block 1: 'seg_LUT2_O.t_frag' (PB-LOGIC) ...
Complex block 2: '$iopadmap$inc_dec.led' (PB-BIDIR) .
Complex block 3: '$iopadmap$inc_dec.seg_1' (PB-BIDIR) .
Complex block 4: '$iopadmap$inc_dec.seg_3' (PB-BIDIR) .
Complex block 5: '$iopadmap$inc_dec.seg_4' (PB-BIDIR) .
Complex block 6: '$iopadmap$inc_dec.seg_6' (PB-SDIOMUX) .
Complex block 7: '$iopadmap$inc_dec.seg_2' (PB-BIDIR) .
Complex block 8: '$iopadmap$inc_dec.seg' (PB-BIDIR) .
Complex block 9: '$iopadmap$inc_dec.seg_5' (PB-BIDIR) .
Complex block 10: 'A' (PB-BIDIR) .
Complex block 11: 'B' (PB-BIDIR) .
Complex block 12: 'clk' (PB-SDIOMUX) .
Complex block 13: '$false' (PB-SYN_GND) .
Complex block 14: '$true' (PB-SYN_VCC) .
	EMPTY: # blocks: 0, average # input + clock pins used: 0, average # output pins used: 0
	PB-GMUX: # blocks: 0, average # input + clock pins used: 0, average # output pins used: 0
	PB-LOGIC: # blocks: 2, average # input + clock pins used: 21.5, average # output pins used: 3.5
	PB-CLOCK: # blocks: 0, average # input + clock pins used: 0, average # output pins used: 0
	PB-MULT: # blocks: 0, average # input + clock pins used: 0, average # output pins used: 0
	PB-SDIOMUX: # blocks: 2, average # input + clock pins used: 2.5, average # output pins used: 0.5
	PB-RAM: # blocks: 0, average # input + clock pins used: 0, average # output pins used: 0
	PB-SYN_VCC: # blocks: 1, average # input + clock pins used: 0, average # output pins used: 1
	PB-BIDIR: # blocks: 9, average # input + clock pins used: 2.77778, average # output pins used: 0.222222
	PB-SYN_GND: # blocks: 1, average # input + clock pins used: 0, average # output pins used: 1
	PB-ASSP: # blocks: 0, average # input + clock pins used: 0, average # output pins used: 0
Absorbed logical nets 11 out of 23 nets, 12 nets not absorbed.
Incr Slack updates 1 in 1.0692e-05 sec
Full Max Req/Worst Slack updates 1 in 4e-06 sec
Incr Max Req/Worst Slack updates 0 in 0 sec
Incr Criticality updates 0 in 0 sec
Full Criticality updates 1 in 3.461e-06 sec
FPGA sized to 39 x 35 (ql-eos-s3)
Device Utilization: 0.01 (target 1.00)
	Block Utilization: 0.00 Type: PB-LOGIC
	Block Utilization: 0.14 Type: PB-SDIOMUX
	Block Utilization: 1.00 Type: PB-SYN_VCC
	Block Utilization: 0.28 Type: PB-BIDIR
	Block Utilization: 1.00 Type: PB-SYN_GND


Netlist conversion complete.

# Packing took 0.03 seconds (max_rss 33.7 MiB, delta_rss +0.0 MiB)
# Load Packing
Begin loading packed FPGA netlist file.
Netlist generated from file 'inc_dec.net'.
Detected 2 constant generators (to see names run with higher pack verbosity)
Finished loading packed FPGA netlist file (took 0.010737 seconds).
# Load Packing took 0.01 seconds (max_rss 34.0 MiB, delta_rss +0.3 MiB)
Warning 10: Netlist contains 0 global net to non-global architecture pin connections
Warning 11: Logic block #13 ($false) has only 1 output pin '$false.GND0_GND[0]'. It may be a constant generator.
Warning 12: Logic block #14 ($true) has only 1 output pin '$true.VCC0_VCC[0]'. It may be a constant generator.

Netlist num_nets: 12
Netlist num_blocks: 15
Netlist EMPTY blocks: 0.
Netlist PB-GMUX blocks: 0.
Netlist PB-LOGIC blocks: 2.
Netlist PB-CLOCK blocks: 0.
Netlist PB-MULT blocks: 0.
Netlist PB-SDIOMUX blocks: 2.
Netlist PB-RAM blocks: 0.
Netlist PB-SYN_VCC blocks: 1.
Netlist PB-BIDIR blocks: 9.
Netlist PB-SYN_GND blocks: 1.
Netlist PB-ASSP blocks: 0.
Netlist inputs pins: 3
Netlist output pins: 30


Pb types usage...
  PB-LOGIC          : 2
   LOGIC            : 2
    FRAGS           : 2
     c_frag_modes   : 2
      SPLIT         : 2
       b_frag       : 2
       t_frag       : 2
     f_frag         : 1
     q_frag_modes   : 2
      EXT           : 2
       q_frag       : 2
  PB-SDIOMUX        : 2
   SDIOMUX          : 2
    INPUT           : 1
     inpad          : 1
     sdiomux        : 1
    OUTPUT          : 1
     outpad         : 1
     sdiomux        : 1
  PB-SYN_VCC        : 1
   VCC              : 1
  PB-BIDIR          : 9
   BIDIR            : 9
    INPUT           : 2
     bidir          : 2
     inpad          : 2
    OUTPUT          : 7
     bidir          : 7
     outpad         : 7
  PB-SYN_GND        : 1
   GND              : 1

# Create Device
## Build Device Grid
FPGA sized to 39 x 35: 1365 grid tiles (ql-eos-s3)

Resource usage...
	Netlist
		0	blocks of type: PB-GMUX
	Architecture
		5	blocks of type: TL-GMUX
	Netlist
		2	blocks of type: PB-LOGIC
	Architecture
		891	blocks of type: TL-LOGIC
	Netlist
		0	blocks of type: PB-CLOCK
	Architecture
		5	blocks of type: TL-CLOCK
	Netlist
		0	blocks of type: PB-MULT
	Architecture
		2	blocks of type: TL-MULT
	Netlist
		2	blocks of type: PB-SDIOMUX
	Architecture
		14	blocks of type: TL-SDIOMUX
	Netlist
		0	blocks of type: PB-RAM
	Architecture
		4	blocks of type: TL-RAM
	Netlist
		1	blocks of type: PB-SYN_VCC
	Architecture
		1	blocks of type: TL-SYN_VCC
	Netlist
		9	blocks of type: PB-BIDIR
	Architecture
		32	blocks of type: TL-BIDIR
	Netlist
		1	blocks of type: PB-SYN_GND
	Architecture
		1	blocks of type: TL-SYN_GND
	Netlist
		0	blocks of type: PB-ASSP
	Architecture
		1	blocks of type: TL-ASSP

Device Utilization: 0.01 (target 1.00)
	Physical Tile TL-LOGIC:
	Block Utilization: 0.00 Logical Block: PB-LOGIC
	Physical Tile TL-RAM:
	Block Utilization: 0.00 Logical Block: PB-RAM
	Physical Tile TL-MULT:
	Block Utilization: 0.00 Logical Block: PB-MULT
	Physical Tile TL-BIDIR:
	Block Utilization: 0.28 Logical Block: PB-BIDIR
	Physical Tile TL-CLOCK:
	Block Utilization: 0.00 Logical Block: PB-CLOCK
	Physical Tile TL-SDIOMUX:
	Block Utilization: 0.14 Logical Block: PB-SDIOMUX
	Physical Tile TL-GMUX:
	Block Utilization: 0.00 Logical Block: PB-GMUX
	Physical Tile TL-ASSP:
	Block Utilization: 0.00 Logical Block: PB-ASSP
	Physical Tile TL-SYN_VCC:
	Block Utilization: 1.00 Logical Block: PB-SYN_VCC
	Physical Tile TL-SYN_GND:
	Block Utilization: 1.00 Logical Block: PB-SYN_GND

## Build Device Grid took 0.01 seconds (max_rss 34.1 MiB, delta_rss +0.0 MiB)
## Loading routing resource graph



Warning 13: This architecture version is for VPR 8.1.0-dev+dadca7ecf-dirty while your current VPR version is 8.1.0-dev+dadca7ecf compatability issues may arise

## Loading routing resource graph took 0.65 seconds (max_rss 341.8 MiB, delta_rss +307.7 MiB)
  RR Graph Nodes: 1396446
  RR Graph Edges: 2337988
# Create Device took 2.26 seconds (max_rss 389.3 MiB, delta_rss +355.3 MiB)


Flow timing analysis took 9.2923e-05 seconds (7.0462e-05 STA, 2.2461e-05 slack) (1 full updates: 1 setup, 0 hold, 0 combined).
VPR succeeded
The entire flow of VPR took 3.10 seconds (max_rss 389.3 MiB)
