#Timing report of worst 9 path(s)
# Unit scale: 1e-09 seconds
# Output precision: 3

#Path 1
Startpoint: a_dff_Q.QZ[0] (Q_FRAG clocked by $auto$clkbufmap.cc:247:execute$1065)
Endpoint  : out:led.outpad[0] (.output clocked by $auto$clkbufmap.cc:247:execute$1065)
Path Type : setup

Point                                                                              Incr      Path
-------------------------------------------------------------------------------------------------
clock $auto$clkbufmap.cc:247:execute$1065 (rise edge)                             0.000     0.000
clock source latency                                                              0.000     0.000
$auto$clkbufmap.cc:252:execute$1066.I_DAT[0] (SDIOMUX_CELL)                       0.000     0.000
a_dff_Q.QCK[0] (Q_FRAG)                                                           0.000     0.000
a_dff_Q.QZ[0] (Q_FRAG) [clock-to-output]                                          1.701     1.701
led_LUT2_O.t_frag.XSL[0] (T_FRAG)                                                 0.000     1.701
led_LUT2_O.t_frag.XZ[0] (T_FRAG)                                                  1.462     3.164
$iopadmap$inc_dec.led.O_DAT[0] (BIDIR_CELL)                                       0.000     3.164
$iopadmap$inc_dec.led.O_PAD_$out[0] (BIDIR_CELL)                                  9.809    12.973
out:led.outpad[0] (.output)                                                       0.000    12.973
data arrival time                                                                          12.973

clock $auto$clkbufmap.cc:247:execute$1065 (rise edge)                             0.000     0.000
clock source latency                                                              0.000     0.000
clock uncertainty                                                                 0.000     0.000
output external delay                                                             0.000     0.000
data required time                                                                          0.000
-------------------------------------------------------------------------------------------------
data required time                                                                          0.000
data arrival time                                                                         -12.973
-------------------------------------------------------------------------------------------------
slack (VIOLATED)                                                                          -12.973


#Path 2
Startpoint: a_dff_Q.QZ[0] (Q_FRAG clocked by $auto$clkbufmap.cc:247:execute$1065)
Endpoint  : out:seg(4).outpad[0] (.output clocked by $auto$clkbufmap.cc:247:execute$1065)
Path Type : setup

Point                                                                              Incr      Path
-------------------------------------------------------------------------------------------------
clock $auto$clkbufmap.cc:247:execute$1065 (rise edge)                             0.000     0.000
clock source latency                                                              0.000     0.000
$auto$clkbufmap.cc:252:execute$1066.I_DAT[0] (SDIOMUX_CELL)                       0.000     0.000
a_dff_Q.QCK[0] (Q_FRAG)                                                           0.000     0.000
a_dff_Q.QZ[0] (Q_FRAG) [clock-to-output]                                          1.701     1.701
seg_LUT2_O.t_frag.XSL[0] (T_FRAG)                                                 0.000     1.701
seg_LUT2_O.t_frag.XZ[0] (T_FRAG)                                                  1.462     3.164
$iopadmap$inc_dec.seg_4.O_DAT[0] (BIDIR_CELL)                                     0.000     3.164
$iopadmap$inc_dec.seg_4.O_PAD_$out[0] (BIDIR_CELL)                                9.809    12.973
out:seg(4).outpad[0] (.output)                                                    0.000    12.973
data arrival time                                                                          12.973

clock $auto$clkbufmap.cc:247:execute$1065 (rise edge)                             0.000     0.000
clock source latency                                                              0.000     0.000
clock uncertainty                                                                 0.000     0.000
output external delay                                                             0.000     0.000
data required time                                                                          0.000
-------------------------------------------------------------------------------------------------
data required time                                                                          0.000
data arrival time                                                                         -12.973
-------------------------------------------------------------------------------------------------
slack (VIOLATED)                                                                          -12.973


#Path 3
Startpoint: b_dff_Q.QZ[0] (Q_FRAG clocked by $auto$clkbufmap.cc:247:execute$1065)
Endpoint  : out:seg(3).outpad[0] (.output clocked by $auto$clkbufmap.cc:247:execute$1065)
Path Type : setup

Point                                                                              Incr      Path
-------------------------------------------------------------------------------------------------
clock $auto$clkbufmap.cc:247:execute$1065 (rise edge)                             0.000     0.000
clock source latency                                                              0.000     0.000
$auto$clkbufmap.cc:252:execute$1066.I_DAT[0] (SDIOMUX_CELL)                       0.000     0.000
b_dff_Q.QCK[0] (Q_FRAG)                                                           0.000     0.000
b_dff_Q.QZ[0] (Q_FRAG) [clock-to-output]                                          1.701     1.701
seg_LUT2_O_1.t_frag.XSL[0] (T_FRAG)                                               0.000     1.701
seg_LUT2_O_1.t_frag.XZ[0] (T_FRAG)                                                1.462     3.164
$iopadmap$inc_dec.seg_3.O_DAT[0] (BIDIR_CELL)                                     0.000     3.164
$iopadmap$inc_dec.seg_3.O_PAD_$out[0] (BIDIR_CELL)                                9.809    12.973
out:seg(3).outpad[0] (.output)                                                    0.000    12.973
data arrival time                                                                          12.973

clock $auto$clkbufmap.cc:247:execute$1065 (rise edge)                             0.000     0.000
clock source latency                                                              0.000     0.000
clock uncertainty                                                                 0.000     0.000
output external delay                                                             0.000     0.000
data required time                                                                          0.000
-------------------------------------------------------------------------------------------------
data required time                                                                          0.000
data arrival time                                                                         -12.973
-------------------------------------------------------------------------------------------------
slack (VIOLATED)                                                                          -12.973


#Path 4
Startpoint: a_dff_Q.QZ[0] (Q_FRAG clocked by $auto$clkbufmap.cc:247:execute$1065)
Endpoint  : out:seg(1).outpad[0] (.output clocked by $auto$clkbufmap.cc:247:execute$1065)
Path Type : setup

Point                                                                              Incr      Path
-------------------------------------------------------------------------------------------------
clock $auto$clkbufmap.cc:247:execute$1065 (rise edge)                             0.000     0.000
clock source latency                                                              0.000     0.000
$auto$clkbufmap.cc:252:execute$1066.I_DAT[0] (SDIOMUX_CELL)                       0.000     0.000
a_dff_Q.QCK[0] (Q_FRAG)                                                           0.000     0.000
a_dff_Q.QZ[0] (Q_FRAG) [clock-to-output]                                          1.701     1.701
seg_LUT2_O_2.t_frag.XSL[0] (T_FRAG)                                               0.000     1.701
seg_LUT2_O_2.t_frag.XZ[0] (T_FRAG)                                                1.462     3.164
$iopadmap$inc_dec.seg_1.O_DAT[0] (BIDIR_CELL)                                     0.000     3.164
$iopadmap$inc_dec.seg_1.O_PAD_$out[0] (BIDIR_CELL)                                9.809    12.973
out:seg(1).outpad[0] (.output)                                                    0.000    12.973
data arrival time                                                                          12.973

clock $auto$clkbufmap.cc:247:execute$1065 (rise edge)                             0.000     0.000
clock source latency                                                              0.000     0.000
clock uncertainty                                                                 0.000     0.000
output external delay                                                             0.000     0.000
data required time                                                                          0.000
-------------------------------------------------------------------------------------------------
data required time                                                                          0.000
data arrival time                                                                         -12.973
-------------------------------------------------------------------------------------------------
slack (VIOLATED)                                                                          -12.973


#Path 5
Startpoint: b_dff_Q.QZ[0] (Q_FRAG clocked by $auto$clkbufmap.cc:247:execute$1065)
Endpoint  : out:seg(6).outpad[0] (.output clocked by $auto$clkbufmap.cc:247:execute$1065)
Path Type : setup

Point                                                                              Incr      Path
-------------------------------------------------------------------------------------------------
clock $auto$clkbufmap.cc:247:execute$1065 (rise edge)                             0.000     0.000
clock source latency                                                              0.000     0.000
$auto$clkbufmap.cc:252:execute$1066.I_DAT[0] (SDIOMUX_CELL)                       0.000     0.000
b_dff_Q.QCK[0] (Q_FRAG)                                                           0.000     0.000
b_dff_Q.QZ[0] (Q_FRAG) [clock-to-output]                                          1.701     1.701
seg_LUT2_O_1.t_frag.XSL[0] (T_FRAG)                                               0.000     1.701
seg_LUT2_O_1.t_frag.XZ[0] (T_FRAG)                                                1.462     3.164
$iopadmap$inc_dec.seg_6.O_DAT[0] (SDIOMUX_CELL)                                   0.000     3.164
$iopadmap$inc_dec.seg_6.O_PAD_$out[0] (SDIOMUX_CELL)                              9.750    12.914
out:seg(6).outpad[0] (.output)                                                    0.000    12.914
data arrival time                                                                          12.914

clock $auto$clkbufmap.cc:247:execute$1065 (rise edge)                             0.000     0.000
clock source latency                                                              0.000     0.000
clock uncertainty                                                                 0.000     0.000
output external delay                                                             0.000     0.000
data required time                                                                          0.000
-------------------------------------------------------------------------------------------------
data required time                                                                          0.000
data arrival time                                                                         -12.914
-------------------------------------------------------------------------------------------------
slack (VIOLATED)                                                                          -12.914


#Path 6
Startpoint: b_dff_Q.QZ[0] (Q_FRAG clocked by $auto$clkbufmap.cc:247:execute$1065)
Endpoint  : out:seg(2).outpad[0] (.output clocked by $auto$clkbufmap.cc:247:execute$1065)
Path Type : setup

Point                                                                              Incr      Path
-------------------------------------------------------------------------------------------------
clock $auto$clkbufmap.cc:247:execute$1065 (rise edge)                             0.000     0.000
clock source latency                                                              0.000     0.000
$auto$clkbufmap.cc:252:execute$1066.I_DAT[0] (SDIOMUX_CELL)                       0.000     0.000
b_dff_Q.QCK[0] (Q_FRAG)                                                           0.000     0.000
b_dff_Q.QZ[0] (Q_FRAG) [clock-to-output]                                          1.701     1.701
seg_LUT1_O.f_frag.FS[0] (F_FRAG)                                                  0.000     1.701
seg_LUT1_O.f_frag.FZ[0] (F_FRAG)                                                  0.612     2.313
$iopadmap$inc_dec.seg_2.O_DAT[0] (BIDIR_CELL)                                     0.000     2.313
$iopadmap$inc_dec.seg_2.O_PAD_$out[0] (BIDIR_CELL)                                9.809    12.122
out:seg(2).outpad[0] (.output)                                                    0.000    12.122
data arrival time                                                                          12.122

clock $auto$clkbufmap.cc:247:execute$1065 (rise edge)                             0.000     0.000
clock source latency                                                              0.000     0.000
clock uncertainty                                                                 0.000     0.000
output external delay                                                             0.000     0.000
data required time                                                                          0.000
-------------------------------------------------------------------------------------------------
data required time                                                                          0.000
data arrival time                                                                         -12.122
-------------------------------------------------------------------------------------------------
slack (VIOLATED)                                                                          -12.122


#Path 7
Startpoint: a_dff_Q.QZ[0] (Q_FRAG clocked by $auto$clkbufmap.cc:247:execute$1065)
Endpoint  : out:seg(0).outpad[0] (.output clocked by $auto$clkbufmap.cc:247:execute$1065)
Path Type : setup

Point                                                                              Incr      Path
-------------------------------------------------------------------------------------------------
clock $auto$clkbufmap.cc:247:execute$1065 (rise edge)                             0.000     0.000
clock source latency                                                              0.000     0.000
$auto$clkbufmap.cc:252:execute$1066.I_DAT[0] (SDIOMUX_CELL)                       0.000     0.000
a_dff_Q.QCK[0] (Q_FRAG)                                                           0.000     0.000
a_dff_Q.QZ[0] (Q_FRAG) [clock-to-output]                                          1.701     1.701
$iopadmap$inc_dec.seg.O_DAT[0] (BIDIR_CELL)                                       0.000     1.701
$iopadmap$inc_dec.seg.O_PAD_$out[0] (BIDIR_CELL)                                  9.809    11.510
out:seg(0).outpad[0] (.output)                                                    0.000    11.510
data arrival time                                                                          11.510

clock $auto$clkbufmap.cc:247:execute$1065 (rise edge)                             0.000     0.000
clock source latency                                                              0.000     0.000
clock uncertainty                                                                 0.000     0.000
output external delay                                                             0.000     0.000
data required time                                                                          0.000
-------------------------------------------------------------------------------------------------
data required time                                                                          0.000
data arrival time                                                                         -11.510
-------------------------------------------------------------------------------------------------
slack (VIOLATED)                                                                          -11.510


#Path 8
Startpoint: A.inpad[0] (.input clocked by $auto$clkbufmap.cc:247:execute$1065)
Endpoint  : a_dff_Q.QD[0] (Q_FRAG clocked by $auto$clkbufmap.cc:247:execute$1065)
Path Type : setup

Point                                                                              Incr      Path
-------------------------------------------------------------------------------------------------
clock $auto$clkbufmap.cc:247:execute$1065 (rise edge)                             0.000     0.000
clock source latency                                                              0.000     0.000
input external delay                                                              0.000     0.000
A.inpad[0] (.input)                                                               0.000     0.000
$iopadmap$inc_dec.A.I_PAD_$inp[0] (BIDIR_CELL)                                    0.000     0.000
$iopadmap$inc_dec.A.I_DAT[0] (BIDIR_CELL)                                        10.958    10.958
a_dff_Q.QD[0] (Q_FRAG)                                                            0.000    10.958
data arrival time                                                                          10.958

clock $auto$clkbufmap.cc:247:execute$1065 (rise edge)                             0.000     0.000
clock source latency                                                              0.000     0.000
$auto$clkbufmap.cc:252:execute$1066.I_DAT[0] (SDIOMUX_CELL)                       0.000     0.000
a_dff_Q.QCK[0] (Q_FRAG)                                                           0.000     0.000
clock uncertainty                                                                 0.000     0.000
cell setup time                                                                   0.105     0.105
data required time                                                                          0.105
-------------------------------------------------------------------------------------------------
data required time                                                                          0.105
data arrival time                                                                         -10.958
-------------------------------------------------------------------------------------------------
slack (VIOLATED)                                                                          -10.853


#Path 9
Startpoint: B.inpad[0] (.input clocked by $auto$clkbufmap.cc:247:execute$1065)
Endpoint  : b_dff_Q.QD[0] (Q_FRAG clocked by $auto$clkbufmap.cc:247:execute$1065)
Path Type : setup

Point                                                                              Incr      Path
-------------------------------------------------------------------------------------------------
clock $auto$clkbufmap.cc:247:execute$1065 (rise edge)                             0.000     0.000
clock source latency                                                              0.000     0.000
input external delay                                                              0.000     0.000
B.inpad[0] (.input)                                                               0.000     0.000
$iopadmap$inc_dec.B.I_PAD_$inp[0] (BIDIR_CELL)                                    0.000     0.000
$iopadmap$inc_dec.B.I_DAT[0] (BIDIR_CELL)                                        10.958    10.958
b_dff_Q.QD[0] (Q_FRAG)                                                            0.000    10.958
data arrival time                                                                          10.958

clock $auto$clkbufmap.cc:247:execute$1065 (rise edge)                             0.000     0.000
clock source latency                                                              0.000     0.000
$auto$clkbufmap.cc:252:execute$1066.I_DAT[0] (SDIOMUX_CELL)                       0.000     0.000
b_dff_Q.QCK[0] (Q_FRAG)                                                           0.000     0.000
clock uncertainty                                                                 0.000     0.000
cell setup time                                                                   0.105     0.105
data required time                                                                          0.105
-------------------------------------------------------------------------------------------------
data required time                                                                          0.105
data arrival time                                                                         -10.958
-------------------------------------------------------------------------------------------------
slack (VIOLATED)                                                                          -10.853


#End of timing report
