#Timing report of worst 9 path(s)
# Unit scale: 1e-09 seconds
# Output precision: 3

#Path 1
Startpoint: A.inpad[0] (.input clocked by $auto$clkbufmap.cc:247:execute$1065)
Endpoint  : a_dff_Q.QD[0] (Q_FRAG clocked by $auto$clkbufmap.cc:247:execute$1065)
Path Type : hold

Point                                                                              Incr      Path
-------------------------------------------------------------------------------------------------
clock $auto$clkbufmap.cc:247:execute$1065 (rise edge)                             0.000     0.000
clock source latency                                                              0.000     0.000
input external delay                                                              0.000     0.000
A.inpad[0] (.input)                                                               0.000     0.000
$iopadmap$inc_dec.A.I_PAD_$inp[0] (BIDIR_CELL)                                    0.000     0.000
$iopadmap$inc_dec.A.I_DAT[0] (BIDIR_CELL)                                        10.153    10.153
a_dff_Q.QD[0] (Q_FRAG)                                                            4.651    14.804
data arrival time                                                                          14.804

clock $auto$clkbufmap.cc:247:execute$1065 (rise edge)                             0.000     0.000
clock source latency                                                              0.000     0.000
$auto$clkbufmap.cc:252:execute$1066.I_DAT[0] (SDIOMUX_CELL)                       0.000     0.000
a_dff_Q.QCK[0] (Q_FRAG)                                                          23.179    23.179
clock uncertainty                                                                 0.000    23.179
cell hold time                                                                    0.571    23.750
data required time                                                                         23.750
-------------------------------------------------------------------------------------------------
data required time                                                                        -23.750
data arrival time                                                                          14.804
-------------------------------------------------------------------------------------------------
slack (VIOLATED)                                                                           -8.946


#Path 2
Startpoint: B.inpad[0] (.input clocked by $auto$clkbufmap.cc:247:execute$1065)
Endpoint  : b_dff_Q.QD[0] (Q_FRAG clocked by $auto$clkbufmap.cc:247:execute$1065)
Path Type : hold

Point                                                                              Incr      Path
-------------------------------------------------------------------------------------------------
clock $auto$clkbufmap.cc:247:execute$1065 (rise edge)                             0.000     0.000
clock source latency                                                              0.000     0.000
input external delay                                                              0.000     0.000
B.inpad[0] (.input)                                                               0.000     0.000
$iopadmap$inc_dec.B.I_PAD_$inp[0] (BIDIR_CELL)                                    0.000     0.000
$iopadmap$inc_dec.B.I_DAT[0] (BIDIR_CELL)                                        10.153    10.153
b_dff_Q.QD[0] (Q_FRAG)                                                            4.629    14.782
data arrival time                                                                          14.782

clock $auto$clkbufmap.cc:247:execute$1065 (rise edge)                             0.000     0.000
clock source latency                                                              0.000     0.000
$auto$clkbufmap.cc:252:execute$1066.I_DAT[0] (SDIOMUX_CELL)                       0.000     0.000
b_dff_Q.QCK[0] (Q_FRAG)                                                          22.329    22.329
clock uncertainty                                                                 0.000    22.329
cell hold time                                                                    0.571    22.900
data required time                                                                         22.900
-------------------------------------------------------------------------------------------------
data required time                                                                        -22.900
data arrival time                                                                          14.782
-------------------------------------------------------------------------------------------------
slack (VIOLATED)                                                                           -8.118


#Path 3
Startpoint: a_dff_Q.QZ[0] (Q_FRAG clocked by $auto$clkbufmap.cc:247:execute$1065)
Endpoint  : out:seg(0).outpad[0] (.output clocked by $auto$clkbufmap.cc:247:execute$1065)
Path Type : hold

Point                                                                              Incr      Path
-------------------------------------------------------------------------------------------------
clock $auto$clkbufmap.cc:247:execute$1065 (rise edge)                             0.000     0.000
clock source latency                                                              0.000     0.000
$auto$clkbufmap.cc:252:execute$1066.I_DAT[0] (SDIOMUX_CELL)                       0.000     0.000
a_dff_Q.QCK[0] (Q_FRAG)                                                          23.179    23.179
a_dff_Q.QZ[0] (Q_FRAG) [clock-to-output]                                          1.393    24.572
$iopadmap$inc_dec.seg.O_DAT[0] (BIDIR_CELL)                                       3.661    28.233
$iopadmap$inc_dec.seg.O_PAD_$out[0] (BIDIR_CELL)                                  9.726    37.959
out:seg(0).outpad[0] (.output)                                                    0.000    37.959
data arrival time                                                                          37.959

clock $auto$clkbufmap.cc:247:execute$1065 (rise edge)                             0.000     0.000
clock source latency                                                              0.000     0.000
clock uncertainty                                                                 0.000     0.000
output external delay                                                             0.000     0.000
data required time                                                                          0.000
-------------------------------------------------------------------------------------------------
data required time                                                                         -0.000
data arrival time                                                                          37.959
-------------------------------------------------------------------------------------------------
slack (MET)                                                                                37.959


#Path 4
Startpoint: b_dff_Q.QZ[0] (Q_FRAG clocked by $auto$clkbufmap.cc:247:execute$1065)
Endpoint  : out:led.outpad[0] (.output clocked by $auto$clkbufmap.cc:247:execute$1065)
Path Type : hold

Point                                                                              Incr      Path
-------------------------------------------------------------------------------------------------
clock $auto$clkbufmap.cc:247:execute$1065 (rise edge)                             0.000     0.000
clock source latency                                                              0.000     0.000
$auto$clkbufmap.cc:252:execute$1066.I_DAT[0] (SDIOMUX_CELL)                       0.000     0.000
b_dff_Q.QCK[0] (Q_FRAG)                                                          22.329    22.329
b_dff_Q.QZ[0] (Q_FRAG) [clock-to-output]                                          1.393    23.722
led_LUT2_O.t_frag.XAB[0] (T_FRAG)                                                 2.299    26.021
led_LUT2_O.t_frag.XZ[0] (T_FRAG)                                                  0.909    26.930
$iopadmap$inc_dec.led.O_DAT[0] (BIDIR_CELL)                                       3.867    30.797
$iopadmap$inc_dec.led.O_PAD_$out[0] (BIDIR_CELL)                                  9.726    40.523
out:led.outpad[0] (.output)                                                       0.000    40.523
data arrival time                                                                          40.523

clock $auto$clkbufmap.cc:247:execute$1065 (rise edge)                             0.000     0.000
clock source latency                                                              0.000     0.000
clock uncertainty                                                                 0.000     0.000
output external delay                                                             0.000     0.000
data required time                                                                          0.000
-------------------------------------------------------------------------------------------------
data required time                                                                         -0.000
data arrival time                                                                          40.523
-------------------------------------------------------------------------------------------------
slack (MET)                                                                                40.523


#Path 5
Startpoint: b_dff_Q.QZ[0] (Q_FRAG clocked by $auto$clkbufmap.cc:247:execute$1065)
Endpoint  : out:seg(2).outpad[0] (.output clocked by $auto$clkbufmap.cc:247:execute$1065)
Path Type : hold

Point                                                                              Incr      Path
-------------------------------------------------------------------------------------------------
clock $auto$clkbufmap.cc:247:execute$1065 (rise edge)                             0.000     0.000
clock source latency                                                              0.000     0.000
$auto$clkbufmap.cc:252:execute$1066.I_DAT[0] (SDIOMUX_CELL)                       0.000     0.000
b_dff_Q.QCK[0] (Q_FRAG)                                                          22.329    22.329
b_dff_Q.QZ[0] (Q_FRAG) [clock-to-output]                                          1.393    23.722
seg_LUT1_O.f_frag.FS[0] (F_FRAG)                                                  2.238    25.960
seg_LUT1_O.f_frag.FZ[0] (F_FRAG)                                                  0.698    26.658
$iopadmap$inc_dec.seg_2.O_DAT[0] (BIDIR_CELL)                                     4.924    31.582
$iopadmap$inc_dec.seg_2.O_PAD_$out[0] (BIDIR_CELL)                                9.726    41.308
out:seg(2).outpad[0] (.output)                                                    0.000    41.308
data arrival time                                                                          41.308

clock $auto$clkbufmap.cc:247:execute$1065 (rise edge)                             0.000     0.000
clock source latency                                                              0.000     0.000
clock uncertainty                                                                 0.000     0.000
output external delay                                                             0.000     0.000
data required time                                                                          0.000
-------------------------------------------------------------------------------------------------
data required time                                                                         -0.000
data arrival time                                                                          41.308
-------------------------------------------------------------------------------------------------
slack (MET)                                                                                41.308


#Path 6
Startpoint: b_dff_Q.QZ[0] (Q_FRAG clocked by $auto$clkbufmap.cc:247:execute$1065)
Endpoint  : out:seg(1).outpad[0] (.output clocked by $auto$clkbufmap.cc:247:execute$1065)
Path Type : hold

Point                                                                              Incr      Path
-------------------------------------------------------------------------------------------------
clock $auto$clkbufmap.cc:247:execute$1065 (rise edge)                             0.000     0.000
clock source latency                                                              0.000     0.000
$auto$clkbufmap.cc:252:execute$1066.I_DAT[0] (SDIOMUX_CELL)                       0.000     0.000
b_dff_Q.QCK[0] (Q_FRAG)                                                          22.329    22.329
b_dff_Q.QZ[0] (Q_FRAG) [clock-to-output]                                          1.393    23.722
seg_LUT2_O_2.t_frag.XAB[0] (T_FRAG)                                               3.041    26.763
seg_LUT2_O_2.t_frag.XZ[0] (T_FRAG)                                                0.852    27.615
$iopadmap$inc_dec.seg_1.O_DAT[0] (BIDIR_CELL)                                     4.391    32.006
$iopadmap$inc_dec.seg_1.O_PAD_$out[0] (BIDIR_CELL)                                9.726    41.732
out:seg(1).outpad[0] (.output)                                                    0.000    41.732
data arrival time                                                                          41.732

clock $auto$clkbufmap.cc:247:execute$1065 (rise edge)                             0.000     0.000
clock source latency                                                              0.000     0.000
clock uncertainty                                                                 0.000     0.000
output external delay                                                             0.000     0.000
data required time                                                                          0.000
-------------------------------------------------------------------------------------------------
data required time                                                                         -0.000
data arrival time                                                                          41.732
-------------------------------------------------------------------------------------------------
slack (MET)                                                                                41.732


#Path 7
Startpoint: b_dff_Q.QZ[0] (Q_FRAG clocked by $auto$clkbufmap.cc:247:execute$1065)
Endpoint  : out:seg(3).outpad[0] (.output clocked by $auto$clkbufmap.cc:247:execute$1065)
Path Type : hold

Point                                                                              Incr      Path
-------------------------------------------------------------------------------------------------
clock $auto$clkbufmap.cc:247:execute$1065 (rise edge)                             0.000     0.000
clock source latency                                                              0.000     0.000
$auto$clkbufmap.cc:252:execute$1066.I_DAT[0] (SDIOMUX_CELL)                       0.000     0.000
b_dff_Q.QCK[0] (Q_FRAG)                                                          22.329    22.329
b_dff_Q.QZ[0] (Q_FRAG) [clock-to-output]                                          1.393    23.722
seg_LUT2_O_1.t_frag.XSL[0] (T_FRAG)                                               2.383    26.105
seg_LUT2_O_1.t_frag.XZ[0] (T_FRAG)                                                0.975    27.079
$iopadmap$inc_dec.seg_3.O_DAT[0] (BIDIR_CELL)                                     6.312    33.391
$iopadmap$inc_dec.seg_3.O_PAD_$out[0] (BIDIR_CELL)                                9.726    43.117
out:seg(3).outpad[0] (.output)                                                    0.000    43.117
data arrival time                                                                          43.117

clock $auto$clkbufmap.cc:247:execute$1065 (rise edge)                             0.000     0.000
clock source latency                                                              0.000     0.000
clock uncertainty                                                                 0.000     0.000
output external delay                                                             0.000     0.000
data required time                                                                          0.000
-------------------------------------------------------------------------------------------------
data required time                                                                         -0.000
data arrival time                                                                          43.117
-------------------------------------------------------------------------------------------------
slack (MET)                                                                                43.117


#Path 8
Startpoint: b_dff_Q.QZ[0] (Q_FRAG clocked by $auto$clkbufmap.cc:247:execute$1065)
Endpoint  : out:seg(4).outpad[0] (.output clocked by $auto$clkbufmap.cc:247:execute$1065)
Path Type : hold

Point                                                                              Incr      Path
-------------------------------------------------------------------------------------------------
clock $auto$clkbufmap.cc:247:execute$1065 (rise edge)                             0.000     0.000
clock source latency                                                              0.000     0.000
$auto$clkbufmap.cc:252:execute$1066.I_DAT[0] (SDIOMUX_CELL)                       0.000     0.000
b_dff_Q.QCK[0] (Q_FRAG)                                                          22.329    22.329
b_dff_Q.QZ[0] (Q_FRAG) [clock-to-output]                                          1.393    23.722
seg_LUT2_O.t_frag.XAB[0] (T_FRAG)                                                 3.083    26.805
seg_LUT2_O.t_frag.XZ[0] (T_FRAG)                                                  0.909    27.714
$iopadmap$inc_dec.seg_4.O_DAT[0] (BIDIR_CELL)                                     6.661    34.375
$iopadmap$inc_dec.seg_4.O_PAD_$out[0] (BIDIR_CELL)                                9.726    44.101
out:seg(4).outpad[0] (.output)                                                    0.000    44.101
data arrival time                                                                          44.101

clock $auto$clkbufmap.cc:247:execute$1065 (rise edge)                             0.000     0.000
clock source latency                                                              0.000     0.000
clock uncertainty                                                                 0.000     0.000
output external delay                                                             0.000     0.000
data required time                                                                          0.000
-------------------------------------------------------------------------------------------------
data required time                                                                         -0.000
data arrival time                                                                          44.101
-------------------------------------------------------------------------------------------------
slack (MET)                                                                                44.101


#Path 9
Startpoint: b_dff_Q.QZ[0] (Q_FRAG clocked by $auto$clkbufmap.cc:247:execute$1065)
Endpoint  : out:seg(6).outpad[0] (.output clocked by $auto$clkbufmap.cc:247:execute$1065)
Path Type : hold

Point                                                                              Incr      Path
-------------------------------------------------------------------------------------------------
clock $auto$clkbufmap.cc:247:execute$1065 (rise edge)                             0.000     0.000
clock source latency                                                              0.000     0.000
$auto$clkbufmap.cc:252:execute$1066.I_DAT[0] (SDIOMUX_CELL)                       0.000     0.000
b_dff_Q.QCK[0] (Q_FRAG)                                                          22.329    22.329
b_dff_Q.QZ[0] (Q_FRAG) [clock-to-output]                                          1.393    23.722
seg_LUT2_O_1.t_frag.XSL[0] (T_FRAG)                                               2.383    26.105
seg_LUT2_O_1.t_frag.XZ[0] (T_FRAG)                                                0.975    27.079
$iopadmap$inc_dec.seg_6.O_DAT[0] (SDIOMUX_CELL)                                  11.188    38.268
$iopadmap$inc_dec.seg_6.O_PAD_$out[0] (SDIOMUX_CELL)                              8.931    47.199
out:seg(6).outpad[0] (.output)                                                    0.000    47.199
data arrival time                                                                          47.199

clock $auto$clkbufmap.cc:247:execute$1065 (rise edge)                             0.000     0.000
clock source latency                                                              0.000     0.000
clock uncertainty                                                                 0.000     0.000
output external delay                                                             0.000     0.000
data required time                                                                          0.000
-------------------------------------------------------------------------------------------------
data required time                                                                         -0.000
data arrival time                                                                          47.199
-------------------------------------------------------------------------------------------------
slack (MET)                                                                                47.199


#End of timing report
