#Timing report of worst 1 path(s)
# Unit scale: 1e-09 seconds
# Output precision: 3

#Path 1
Startpoint: B.inpad[0] (.input clocked by virtual_io_clock)
Endpoint  : out:Y.outpad[0] (.output clocked by virtual_io_clock)
Path Type : hold

Point                                                                  Incr      Path
-------------------------------------------------------------------------------------
clock virtual_io_clock (rise edge)                                    0.000     0.000
clock source latency                                                  0.000     0.000
input external delay                                                  0.000     0.000
B.inpad[0] (.input)                                                   0.000     0.000
$iopadmap$sevenseg.B.I_PAD_$inp[0] (BIDIR_CELL)                       0.000     0.000
$iopadmap$sevenseg.B.I_DAT[0] (BIDIR_CELL)                           10.153    10.153
Y_LUT2_O.t_frag.XSL[0] (T_FRAG)                                       3.028    13.181
Y_LUT2_O.t_frag.XZ[0] (T_FRAG)                                        1.041    14.222
$iopadmap$sevenseg.Y.O_DAT[0] (BIDIR_CELL)                            3.913    18.135
$iopadmap$sevenseg.Y.O_PAD_$out[0] (BIDIR_CELL)                       9.726    27.861
out:Y.outpad[0] (.output)                                             0.000    27.861
data arrival time                                                              27.861

clock virtual_io_clock (rise edge)                                    0.000     0.000
clock source latency                                                  0.000     0.000
clock uncertainty                                                     0.000     0.000
output external delay                                                 0.000     0.000
data required time                                                              0.000
-------------------------------------------------------------------------------------
data required time                                                             -0.000
data arrival time                                                              27.861
-------------------------------------------------------------------------------------
slack (MET)                                                                    27.861


#End of timing report
