VPR FPGA Placement and Routing.
Version: 8.1.0-dev+dadca7ecf-dirty
Revision: v8.0.0-rc2-2909-gdadca7ecf-dirty
Compiled: 2025-09-17T14:53:14
Compiler: GNU 12.2.0 on Linux-6.2.1-PRoot-Distro aarch64
Build Info: release IPO VTR_ASSERT_LEVEL=2

University of Toronto
verilogtorouting.org
vtr-users@googlegroups.com
This is free open source code under MIT license.

VPR was run with the following command-line:
vpr /root/symbiflow/quicklogic-arch-defs/share/arch/ql-eos-s3_wlcsp/arch.timing.xml disp_dec.eblif --device ql-eos-s3 --max_router_iterations 500 --routing_failure_predictor off --router_high_fanout_threshold -1 --constant_net_method route --route_chan_width 100 --clock_modeling route --place_delay_model delta_override --router_lookahead map --check_route quick --strict_checks off --allow_dangling_combinational_nodes on --disable_errors check_unbuffered_edges:check_route --congested_routing_iteration_threshold 0.8 --incremental_reroute_delay_ripup off --base_cost_type delay_normalized_length_bounded --bb_factor 10 --initial_pres_fac 4.0 --check_rr_graph off --suppress_warnings ,sum_pin_class:check_unbuffered_edges:load_rr_indexed_data_T_values:check_rr_node:trans_per_R:check_route:set_rr_graph_tool_comment:warn_model_missing_timing --read_rr_graph /root/symbiflow/quicklogic-arch-defs/share/arch/ql-eos-s3_wlcsp/rr_graph_ql-eos-s3_wlcsp.rr_graph.real.bin --read_placement_delay_lookup /root/symbiflow/quicklogic-arch-defs/share/arch/ql-eos-s3_wlcsp/rr_graph_ql-eos-s3_wlcsp.place_delay.bin --sdc_file /root/vaman-task/7447/build/disp_dec_dummy.sdc --fix_clusters disp_dec_constraints.place --place


Architecture file: /root/symbiflow/quicklogic-arch-defs/share/arch/ql-eos-s3_wlcsp/arch.timing.xml
Circuit name: disp_dec

# Loading Architecture Description
# Loading Architecture Description took 0.40 seconds (max_rss 27.0 MiB, delta_rss +23.5 MiB)
# Building complex block graph
# Building complex block graph took 0.10 seconds (max_rss 33.7 MiB, delta_rss +6.8 MiB)
# Load circuit
# Load circuit took 0.00 seconds (max_rss 33.7 MiB, delta_rss +0.0 MiB)
# Clean circuit
Absorbed 38 LUT buffers
Inferred    3 additional primitive pins as constant generators since they have no combinationally connected inputs
Inferred    1 additional primitive pins as constant generators due to constant inputs
Inferred    0 additional primitive pins as constant generators since they have no combinationally connected inputs
Inferred    0 additional primitive pins as constant generators due to constant inputs
Inferred    0 additional primitive pins as constant generators since they have no combinationally connected inputs
Inferred    0 additional primitive pins as constant generators due to constant inputs
Swept input(s)      : 0
Swept output(s)     : 0 (0 dangling, 0 constant)
Swept net(s)        : 1
Swept block(s)      : 1
Constant Pins Marked: 4
# Clean circuit took 0.00 seconds (max_rss 33.7 MiB, delta_rss +0.0 MiB)
# Compress circuit
# Compress circuit took 0.00 seconds (max_rss 33.7 MiB, delta_rss +0.0 MiB)
# Verify circuit
# Verify circuit took 0.00 seconds (max_rss 33.7 MiB, delta_rss +0.0 MiB)
Circuit Statistics:
  Blocks: 27
    .input    :       2
    .output   :       8
    BIDIR_CELL:      10
    F_FRAG    :       1
    GND       :       1
    T_FRAG    :       4
    VCC       :       1
  Nets  : 19
    Avg Fanout:     3.6
    Max Fanout:    25.0
    Min Fanout:     1.0
  Netlist Clocks: 0
# Build Timing Graph
  Timing Graph Nodes: 88
  Timing Graph Edges: 120
  Timing Graph Levels: 8
# Build Timing Graph took 0.00 seconds (max_rss 33.7 MiB, delta_rss +0.0 MiB)
Netlist contains 0 clocks
# Load Timing Constraints

SDC file '/root/vaman-task/7447/build/disp_dec_dummy.sdc' contained no SDC commands
Setting default timing constraints:
   * constrain all primay inputs and primary outputs on a virtual external clock 'virtual_io_clock'
   * optimize virtual clock to run as fast as possible
Timing constraints created 1 clocks
  Constrained Clock 'virtual_io_clock' (Virtual Clock)

# Load Timing Constraints took 0.00 seconds (max_rss 33.7 MiB, delta_rss +0.0 MiB)
Timing analysis: ON
Circuit netlist file: disp_dec.net
Circuit placement file: disp_dec.place
Circuit routing file: disp_dec.route
Circuit SDC file: /root/vaman-task/7447/build/disp_dec_dummy.sdc

Packer: ENABLED
Placer: ENABLED
Router: DISABLED
Analysis: DISABLED

NetlistOpts.abosrb_buffer_luts            : true
NetlistOpts.sweep_dangling_primary_ios    : true
NetlistOpts.sweep_dangling_nets           : true
NetlistOpts.sweep_dangling_blocks         : true
NetlistOpts.sweep_constant_primary_outputs: false
NetlistOpts.netlist_verbosity             : 1
NetlistOpts.const_gen_inference           : COMB_SEQ

PackerOpts.allow_unrelated_clustering: auto
PackerOpts.alpha_clustering: 0.750000
PackerOpts.beta_clustering: 0.900000
PackerOpts.cluster_seed_type: BLEND2
PackerOpts.connection_driven: true
PackerOpts.global_clocks: true
PackerOpts.hill_climbing_flag: false
PackerOpts.inter_cluster_net_delay: 1.000000
PackerOpts.timing_driven: true
PackerOpts.target_external_pin_util: auto

PlacerOpts.place_freq: PLACE_ONCE
PlacerOpts.place_algorithm: CRITICALITY_TIMING_PLACE
PlacerOpts.pad_loc_type: FREE
PlacerOpts.constraints_file: Using constraints file 'disp_dec_constraints.place'
PlacerOpts.place_cost_exp: 1.000000
PlacerOpts.place_chan_width: 100
PlacerOpts.inner_loop_recompute_divider: 0
PlacerOpts.recompute_crit_iter: 1
PlacerOpts.timing_tradeoff: 0.500000
PlacerOpts.td_place_exp_first: 1.000000
PlacerOpts.td_place_exp_last: 8.000000
PlacerOpts.delay_offset: 0.000000
PlacerOpts.delay_ramp_delta_threshold: -1
PlacerOpts.delay_ramp_slope: 0.000000
PlacerOpts.tsu_rel_margin: 1.000000
PlacerOpts.tsu_abs_margin: 0.000000
PlacerOpts.post_place_timing_report_file: 
PlacerOpts.allowed_tiles_for_delay_model: 
PlacerOpts.delay_model_reducer: MIN
PlacerOpts.delay_model_type: DELTA_OVERRIDE
PlacerOpts.rlim_escape_fraction: 0.000000
PlacerOpts.move_stats_file: 
PlacerOpts.placement_saves_per_temperature: 0
PlacerOpts.effort_scaling: CIRCUIT
PlacerOpts.place_delta_delay_matrix_calculation_method: ASTAR_ROUTE
PlaceOpts.seed: 1
AnnealSched.type: AUTO_SCHED
AnnealSched.inner_num: 1.000000

RoutingArch.directionality: BI_DIRECTIONAL
RoutingArch.switch_block_type: WILTON
RoutingArch.Fs: 3

# Load Packing
Begin loading packed FPGA netlist file.
Netlist generated from file 'disp_dec.net'.
Detected 2 constant generators (to see names run with higher pack verbosity)
Finished loading packed FPGA netlist file (took 0.007119 seconds).
# Load Packing took 0.01 seconds (max_rss 34.1 MiB, delta_rss +0.3 MiB)
Warning 1: Netlist contains 0 global net to non-global architecture pin connections
Warning 2: Logic block #12 ($false) has only 1 output pin '$false.GND0_GND[0]'. It may be a constant generator.
Warning 3: Logic block #13 ($true) has only 1 output pin '$true.VCC0_VCC[0]'. It may be a constant generator.

Netlist num_nets: 9
Netlist num_blocks: 14
Netlist EMPTY blocks: 0.
Netlist PB-GMUX blocks: 0.
Netlist PB-LOGIC blocks: 2.
Netlist PB-CLOCK blocks: 0.
Netlist PB-MULT blocks: 0.
Netlist PB-SDIOMUX blocks: 0.
Netlist PB-RAM blocks: 0.
Netlist PB-SYN_VCC blocks: 1.
Netlist PB-BIDIR blocks: 10.
Netlist PB-SYN_GND blocks: 1.
Netlist PB-ASSP blocks: 0.
Netlist inputs pins: 2
Netlist output pins: 28


Pb types usage...
  PB-LOGIC          : 2
   LOGIC            : 2
    FRAGS           : 2
     c_frag_modes   : 2
      SPLIT         : 2
       b_frag       : 2
       t_frag       : 2
     f_frag         : 1
  PB-SYN_VCC        : 1
   VCC              : 1
  PB-BIDIR          : 10
   BIDIR            : 10
    INPUT           : 2
     bidir          : 2
     inpad          : 2
    OUTPUT          : 8
     bidir          : 8
     outpad         : 8
  PB-SYN_GND        : 1
   GND              : 1

# Create Device
## Build Device Grid
FPGA sized to 39 x 35: 1365 grid tiles (ql-eos-s3)

Resource usage...
	Netlist
		0	blocks of type: PB-GMUX
	Architecture
		5	blocks of type: TL-GMUX
	Netlist
		2	blocks of type: PB-LOGIC
	Architecture
		891	blocks of type: TL-LOGIC
	Netlist
		0	blocks of type: PB-CLOCK
	Architecture
		5	blocks of type: TL-CLOCK
	Netlist
		0	blocks of type: PB-MULT
	Architecture
		2	blocks of type: TL-MULT
	Netlist
		0	blocks of type: PB-SDIOMUX
	Architecture
		14	blocks of type: TL-SDIOMUX
	Netlist
		0	blocks of type: PB-RAM
	Architecture
		4	blocks of type: TL-RAM
	Netlist
		1	blocks of type: PB-SYN_VCC
	Architecture
		1	blocks of type: TL-SYN_VCC
	Netlist
		10	blocks of type: PB-BIDIR
	Architecture
		32	blocks of type: TL-BIDIR
	Netlist
		1	blocks of type: PB-SYN_GND
	Architecture
		1	blocks of type: TL-SYN_GND
	Netlist
		0	blocks of type: PB-ASSP
	Architecture
		1	blocks of type: TL-ASSP

Device Utilization: 0.01 (target 1.00)
	Physical Tile TL-LOGIC:
	Block Utilization: 0.00 Logical Block: PB-LOGIC
	Physical Tile TL-RAM:
	Block Utilization: 0.00 Logical Block: PB-RAM
	Physical Tile TL-MULT:
	Block Utilization: 0.00 Logical Block: PB-MULT
	Physical Tile TL-BIDIR:
	Block Utilization: 0.31 Logical Block: PB-BIDIR
	Physical Tile TL-CLOCK:
	Block Utilization: 0.00 Logical Block: PB-CLOCK
	Physical Tile TL-SDIOMUX:
	Block Utilization: 0.00 Logical Block: PB-SDIOMUX
	Physical Tile TL-GMUX:
	Block Utilization: 0.00 Logical Block: PB-GMUX
	Physical Tile TL-ASSP:
	Block Utilization: 0.00 Logical Block: PB-ASSP
	Physical Tile TL-SYN_VCC:
	Block Utilization: 1.00 Logical Block: PB-SYN_VCC
	Physical Tile TL-SYN_GND:
	Block Utilization: 1.00 Logical Block: PB-SYN_GND

## Build Device Grid took 0.01 seconds (max_rss 34.1 MiB, delta_rss +0.0 MiB)
## Loading routing resource graph



Warning 4: This architecture version is for VPR 8.1.0-dev+dadca7ecf-dirty while your current VPR version is 8.1.0-dev+dadca7ecf compatability issues may arise

## Loading routing resource graph took 0.58 seconds (max_rss 341.9 MiB, delta_rss +307.8 MiB)
  RR Graph Nodes: 1396446
  RR Graph Edges: 2337988
# Create Device took 1.90 seconds (max_rss 389.4 MiB, delta_rss +355.4 MiB)

# Computing router lookahead map
## Computing wire lookahead
Warning 5: Unable to find any sample location for segment CHANX type 'generic' (length 1)
Warning 6: Unable to find any sample location for segment CHANY type 'generic' (length 1)
Warning 7: Unable to find any sample location for segment CHANX type 'pad' (length 1)
Warning 8: Unable to find any sample location for segment CHANY type 'pad' (length 1)
## Computing wire lookahead took 36.75 seconds (max_rss 389.4 MiB, delta_rss +0.0 MiB)
## Computing src/opin lookahead
## Computing src/opin lookahead took 0.00 seconds (max_rss 389.4 MiB, delta_rss +0.0 MiB)
# Computing router lookahead map took 36.75 seconds (max_rss 389.4 MiB, delta_rss +0.0 MiB)
# Placement
## Computing placement delta delay look-up
  RR Graph Nodes: 1396446
  RR Graph Edges: 2337988
## Computing placement delta delay look-up took 1.31 seconds (max_rss 446.8 MiB, delta_rss +57.3 MiB)
Warning 9: CHANX place cost fac is 0 at 2 2
Warning 10: CHANX place cost fac is 0 at 34 34
Warning 11: CHANY place cost fac is 0 at 38 38
## Initial Placement
Reading disp_dec_constraints.place.

Successfully read disp_dec_constraints.place.

## Initial Placement took 0.00 seconds (max_rss 446.8 MiB, delta_rss +0.0 MiB)

There are 57 point to point connections in this circuit.


BB estimate of min-dist (placement) wire length: 388

Completed placement consistency check successfully.
Initial placement cost: 1 bb_cost: 0.590317 td_cost: 1.22784e-07
Initial placement estimated Critical Path Delay (CPD): 41.5388 ns
Initial placement estimated setup Total Negative Slack (sTNS): -261.4 ns
Initial placement estimated setup Worst Negative Slack (sWNS): -41.5388 ns

Initial placement estimated setup slack histogram:
[ -4.2e-08:   -4e-08) 2 ( 28.6%) |*************************************************
[   -4e-08: -3.8e-08) 2 ( 28.6%) |*************************************************
[ -3.8e-08: -3.7e-08) 2 ( 28.6%) |*************************************************
[ -3.7e-08: -3.5e-08) 0 (  0.0%) |
[ -3.5e-08: -3.4e-08) 0 (  0.0%) |
[ -3.4e-08: -3.2e-08) 0 (  0.0%) |
[ -3.2e-08:   -3e-08) 0 (  0.0%) |
[   -3e-08: -2.9e-08) 0 (  0.0%) |
[ -2.9e-08: -2.7e-08) 0 (  0.0%) |
[ -2.7e-08: -2.6e-08) 1 ( 14.3%) |*************************
Placement contains 0 placement macros involving 0 blocks (average macro size nan)

Moves per temperature: 33
Warning 12: Starting t: 5 of 14 configurations accepted.

---- ------ ------- ------- ---------- ---------- ------- ---------- -------- ------- ------- ------ -------- --------- ------
Tnum   Time       T Av Cost Av BB Cost Av TD Cost     CPD       sTNS     sWNS Ac Rate Std Dev  R lim Crit Exp Tot Moves  Alpha
      (sec)                                          (ns)       (ns)     (ns)                                                 
---- ------ ------- ------- ---------- ---------- ------- ---------- -------- ------- ------- ------ -------- --------- ------
   1    0.0 3.1e+00   0.907       0.59 1.1436e-07  45.751       -273  -45.751   0.515  0.1209   38.0     1.00        33  0.200
   2    0.0 2.9e+00   0.943       0.64 1.0866e-07  45.909       -266  -45.909   0.545  0.1438   38.0     1.00        66  0.950
   3    0.0 2.8e+00   1.225       0.61 1.1325e-07  40.675       -243  -40.675   0.364  0.1500   38.0     1.00        99  0.950
   4    0.0 2.6e+00   1.387       0.69 1.2988e-07  40.752       -248  -40.752   0.485  0.1533   35.1     1.55       132  0.950
   5    0.0 2.5e+00   0.862       0.61 1.31e-07    46.949       -291  -46.949   0.364  0.1086   36.7     1.25       165  0.950
   6    0.0 2.4e+00   1.172       0.64 1.1005e-07  42.225       -257  -42.225   0.485  0.1621   33.9     1.78       198  0.950
   7    0.0 2.3e+00   1.264       0.66 1.2321e-07  40.836       -247  -40.836   0.515  0.1620   35.4     1.49       231  0.950
   8    0.0 2.1e+00   0.885       0.61 1.1825e-07  49.879       -286  -49.879   0.606  0.1058   38.0     1.00       264  0.950
   9    0.0 2.0e+00   0.952       0.62 1.2103e-07  44.573       -270  -44.573   0.455  0.1427   38.0     1.00       297  0.950
  10    0.0 1.9e+00   1.316       0.63 1.233e-07   40.195       -245  -40.195   0.455  0.2805   38.0     1.00       330  0.950
  11    0.0 1.8e+00   1.248       0.63 1.319e-07   40.757       -252  -40.757   0.515  0.1445   38.0     1.00       363  0.950
  12    0.0 1.7e+00   0.927       0.64 1.3173e-07  43.322       -275  -43.322   0.545  0.1323   38.0     1.00       396  0.950
  13    0.0 1.7e+00   1.092       0.68 1.2844e-07  46.414       -269  -46.414   0.515  0.1661   38.0     1.00       429  0.950
  14    0.0 1.6e+00   1.023       0.67 1.4075e-07  43.490       -279  -43.490   0.364  0.1974   38.0     1.00       462  0.950
  15    0.0 1.5e+00   1.322       0.58 1.1124e-07  34.850       -230  -34.850   0.515  0.2489   35.1     1.55       495  0.950
  16    0.0 1.4e+00   0.902       0.61 1.2197e-07  47.319       -283  -47.319   0.515  0.1039   37.7     1.05       528  0.950
  17    0.0 1.3e+00   0.838       0.57 1.0568e-07  47.959       -282  -47.959   0.485  0.1324   38.0     1.00       561  0.950
  18    0.0 1.3e+00   1.151       0.64 1.2073e-07  43.028       -248  -43.028   0.485  0.1296   38.0     1.00       594  0.950
  19    0.0 1.2e+00   1.310       0.62 1.328e-07   39.537       -247  -39.537   0.455  0.1071   38.0     1.00       627  0.950
  20    0.0 1.2e+00   1.041       0.64 1.3687e-07  44.209       -275  -44.209   0.485  0.0854   38.0     1.00       660  0.950
  21    0.0 1.1e+00   0.920       0.63 1.2977e-07  44.011       -277  -44.011   0.485  0.1023   38.0     1.00       693  0.950
  22    0.0 1.0e+00   1.255       0.72 1.5203e-07  41.190       -260  -41.190   0.515  0.1784   38.0     1.00       726  0.950
  23    0.0 9.9e-01   1.046       0.71 1.4448e-07  48.652       -283  -48.652   0.455  0.1513   38.0     1.00       759  0.950
  24    0.0 9.4e-01   0.734       0.70 1.3979e-07  53.372       -331  -53.372   0.485  0.1370   38.0     1.00       792  0.950
  25    0.0 8.9e-01   0.962       0.68 1.2686e-07  45.222       -274  -45.222   0.333  0.1804   38.0     1.00       825  0.950
  26    0.0 8.5e-01   0.863       0.73 1.3927e-07  48.232       -300  -48.232   0.455  0.0683   33.9     1.77       858  0.950
  27    0.0 8.1e-01   0.992       0.59 1.0154e-07  44.108       -261  -44.108   0.485  0.1458   34.4     1.67       891  0.950
  28    0.0 7.7e-01   1.113       0.65 1.2405e-07  42.579       -264  -42.579   0.636  0.1817   36.0     1.38       924  0.950
  29    0.0 7.3e-01   0.789       0.57 1.0467e-07  46.661       -282  -46.661   0.303  0.1131   38.0     1.00       957  0.950
  30    0.0 6.9e-01   0.961       0.57 8.5512e-08  39.574       -238  -39.574   0.333  0.1303   32.8     1.98       990  0.950
  31    0.0 6.6e-01   0.994       0.55 9.7479e-08  39.770       -246  -39.770   0.394  0.1172   29.3     2.65      1023  0.950
  32    0.0 6.2e-01   1.152       0.68 9.5625e-08  45.310       -252  -45.310   0.394  0.1829   27.9     2.90      1056  0.950
  33    0.0 5.9e-01   1.802       0.70 1.2226e-07  35.407       -222  -35.407   0.394  0.1945   26.7     3.15      1089  0.950
  34    0.0 5.6e-01   1.259       0.65 1.1813e-07  37.945       -247  -37.945   0.394  0.1072   25.4     3.38      1122  0.950
  35    0.0 5.4e-01   0.928       0.65 8.8137e-08  47.430       -279  -47.430   0.545  0.1179   24.3     3.60      1155  0.950
  36    0.0 5.1e-01   1.042       0.64 1.0599e-07  43.002       -264  -43.002   0.333  0.1637   26.8     3.12      1188  0.950
  37    0.0 4.8e-01   1.340       0.63 1.0056e-07  37.708       -236  -37.708   0.424  0.2291   24.0     3.66      1221  0.950
  38    0.0 4.6e-01   0.827       0.62 8.8538e-08  50.918       -291  -50.918   0.333  0.1152   23.6     3.73      1254  0.950
  39    0.0 4.4e-01   1.107       0.59 9.6613e-08  40.520       -253  -40.520   0.485  0.1677   21.1     4.20      1287  0.950
  40    0.0 4.1e-01   0.992       0.58 7.1866e-08  43.476       -255  -43.476   0.333  0.1276   22.0     4.03      1320  0.950
  41    0.0 3.9e-01   0.997       0.60 9.7719e-08  41.180       -258  -41.180   0.424  0.1187   19.7     4.47      1353  0.950
  42    0.0 3.7e-01   0.898       0.59 6.8375e-08  46.247       -255  -46.247   0.424  0.1723   19.4     4.53      1386  0.950
  43    0.0 3.6e-01   1.216       0.63 1.1243e-07  39.203       -251  -39.203   0.576  0.1916   19.0     4.59      1419  0.950
  44    0.0 3.4e-01   0.911       0.64 1.0632e-07  46.287       -284  -46.287   0.485  0.1793   21.6     4.10      1452  0.950
  45    0.0 3.2e-01   0.849       0.50 5.7498e-08  42.696       -243  -42.696   0.333  0.0763   22.6     3.91      1485  0.950
  46    0.0 3.0e-01   1.001       0.57 5.9707e-08  41.539       -235  -41.539   0.394  0.1411   20.2     4.37      1518  0.950
  47    0.0 2.9e-01   1.215       0.58 7.7901e-08  37.878       -230  -37.878   0.273  0.1363   19.3     4.54      1551  0.950
  48    0.0 2.7e-01   1.029       0.57 8.1523e-08  40.903       -253  -40.903   0.394  0.1372   16.0     5.15      1584  0.950
  49    0.0 2.6e-01   1.119       0.55 8.0777e-08  38.783       -241  -38.783   0.152  0.0417   15.3     5.29      1617  0.950
  50    0.0 2.5e-01   1.043       0.56 6.9273e-08  42.346       -240  -42.346   0.424  0.0542   10.9     6.13      1650  0.950
  51    0.0 2.4e-01   0.954       0.65 8.6838e-08  48.054       -290  -48.054   0.455  0.0476   10.7     6.16      1683  0.950
  52    0.0 2.2e-01   0.890       0.54 9.8913e-08  40.757       -265  -40.757   0.424  0.0904   10.9     6.13      1716  0.950
  53    0.0 2.1e-01   0.842       0.50 7.3129e-08  43.130       -266  -43.130   0.394  0.0545   10.7     6.16      1749  0.950
  54    0.0 2.0e-01   1.012       0.56 6.1184e-08  42.088       -247  -42.088   0.455  0.0583   10.2     6.26      1782  0.950
  55    0.0 1.9e-01   0.951       0.60 7.834e-08   46.980       -276  -46.980   0.485  0.1316   10.4     6.23      1815  0.950
  56    0.0 1.8e-01   0.911       0.54 6.25e-08    43.949       -266  -43.949   0.424  0.1059   10.8     6.14      1848  0.950
  57    0.0 1.7e-01   0.924       0.56 5.4003e-08  44.364       -250  -44.364   0.333  0.2153   10.7     6.17      1881  0.950
  58    0.0 1.6e-01   0.762       0.59 5.5456e-08  48.676       -268  -48.676   0.364  0.1073    9.5     6.39      1914  0.950
  59    0.0 1.6e-01   1.064       0.57 8.9291e-08  39.525       -253  -39.525   0.364  0.1001    8.8     6.53      1947  0.950
  60    0.0 1.5e-01   1.121       0.61 8.8175e-08  38.938       -249  -38.938   0.485  0.0580    8.1     6.65      1980  0.950
  61    0.0 1.4e-01   1.012       0.59 8.2256e-08  42.485       -265  -42.485   0.394  0.0340    8.5     6.58      2013  0.950
  62    0.0 1.3e-01   1.121       0.59 8.2791e-08  41.819       -257  -41.819   0.455  0.1009    8.1     6.66      2046  0.950
  63    0.0 1.3e-01   1.099       0.66 9.2533e-08  44.623       -272  -44.623   0.455  0.0592    8.2     6.64      2079  0.950
  64    0.0 1.2e-01   1.009       0.70 7.7355e-08  46.956       -279  -46.956   0.303  0.0677    8.3     6.61      2112  0.950
  65    0.0 1.1e-01   0.933       0.65 9.081e-08   43.013       -268  -43.013   0.424  0.0891    7.2     6.83      2145  0.950
  66    0.0 1.1e-01   0.858       0.49 6.9334e-08  40.477       -257  -40.477   0.455  0.0361    7.1     6.85      2178  0.950
  67    0.0 1.0e-01   0.881       0.47 4.7729e-08  39.417       -237  -39.417   0.455  0.0312    7.2     6.83      2211  0.950
  68    0.0 9.9e-02   1.022       0.48 6.7222e-08  35.504       -232  -35.504   0.394  0.0490    7.3     6.81      2244  0.950
  69    0.0 9.4e-02   1.146       0.53 6.0882e-08  35.902       -225  -35.902   0.394  0.0553    6.9     6.88      2277  0.950
  70    0.0 8.9e-02   0.897       0.51 4.9247e-08  42.734       -246  -42.734   0.333  0.0711    6.6     6.94      2310  0.950
  71    0.0 8.4e-02   0.946       0.46 5.6736e-08  38.232       -237  -38.232   0.364  0.0469    5.9     7.07      2343  0.950
  72    0.0 8.0e-02   0.988       0.48 4.7137e-08  40.067       -235  -40.067   0.303  0.0354    5.5     7.15      2376  0.950
  73    0.0 7.6e-02   1.036       0.50 6.3147e-08  37.643       -236  -37.643   0.545  0.0287    4.7     7.30      2409  0.950
  74    0.0 7.2e-02   1.148       0.55 9.0813e-08  36.794       -239  -36.794   0.424  0.0553    5.2     7.20      2442  0.950
  75    0.0 6.9e-02   0.849       0.46 5.7677e-08  40.663       -251  -40.663   0.394  0.0402    5.1     7.22      2475  0.950
  76    0.0 6.5e-02   0.980       0.45 7.6639e-08  37.292       -242  -37.292   0.273  0.0386    4.9     7.26      2508  0.950
  77    0.0 6.2e-02   0.963       0.46 5.5589e-08  37.817       -236  -37.817   0.303  0.0230    4.1     7.42      2541  0.950
  78    0.0 5.9e-02   1.072       0.49 6.6023e-08  37.012       -237  -37.012   0.394  0.0499    3.5     7.52      2574  0.950
  79    0.0 5.6e-02   0.951       0.51 5.305e-08   41.660       -249  -41.660   0.394  0.0701    3.4     7.55      2607  0.950
  80    0.0 5.3e-02   1.050       0.50 6.5507e-08  37.222       -236  -37.222   0.364  0.0415    3.2     7.58      2640  0.950
  81    0.0 5.1e-02   1.078       0.56 7.7492e-08  37.747       -241  -37.747   0.424  0.0223    3.0     7.63      2673  0.950
  82    0.0 4.8e-02   0.969       0.53 6.2304e-08  40.197       -250  -40.197   0.424  0.0500    2.9     7.64      2706  0.950
  83    0.0 4.6e-02   1.009       0.51 5.8352e-08  38.725       -241  -38.725   0.303  0.0401    2.9     7.65      2739  0.950
  84    0.0 4.3e-02   0.957       0.47 4.4557e-08  39.568       -238  -39.568   0.333  0.0225    2.5     7.72      2772  0.950
  85    0.0 4.1e-02   1.073       0.45 5.7032e-08  36.965       -231  -36.965   0.273  0.0377    2.2     7.77      2805  0.950
  86    0.0 3.9e-02   0.994       0.46 6.039e-08   38.886       -243  -38.886   0.485  0.0144    1.8     7.84      2838  0.950
  87    0.0 3.7e-02   0.940       0.45 6.0607e-08  38.623       -243  -38.623   0.394  0.0257    1.9     7.83      2871  0.950
  88    0.0 3.5e-02   0.969       0.45 6.9199e-08  36.125       -237  -36.125   0.242  0.0233    1.8     7.84      2904  0.950
  89    0.0 3.4e-02   0.994       0.44 6.6202e-08  33.965       -225  -33.965   0.303  0.0183    1.5     7.91      2937  0.950
  90    0.0 3.2e-02   1.025       0.44 5.0107e-08  35.331       -224  -35.331   0.424  0.0221    1.3     7.95      2970  0.950
  91    0.0 3.0e-02   0.973       0.45 5.7736e-08  36.309       -233  -36.309   0.212  0.0132    1.2     7.95      3003  0.950
  92    0.0 2.9e-02   0.979       0.45 5.8239e-08  34.819       -228  -34.819   0.333  0.0289    1.0     8.00      3036  0.950
  93    0.0 2.7e-02   0.997       0.44 4.0397e-08  35.997       -223  -35.997   0.303  0.0316    1.0     8.00      3069  0.950
  94    0.0 2.6e-02   0.977       0.45 4.6075e-08  35.602       -226  -35.602   0.212  0.0303    1.0     8.00      3102  0.950
  95    0.0 2.5e-02   0.972       0.46 5.8533e-08  34.750       -229  -34.750   0.242  0.0156    1.0     8.00      3135  0.950
  96    0.0 2.3e-02   0.984       0.46 4.672e-08   35.697       -225  -35.697   0.333  0.0255    1.0     8.00      3168  0.950
  97    0.0 2.2e-02   0.987       0.46 4.7573e-08  35.697       -225  -35.697   0.212  0.0159    1.0     8.00      3201  0.950
  98    0.0 2.1e-02   1.048       0.47 5.2502e-08  33.847       -217  -33.847   0.182  0.0133    1.0     8.00      3234  0.950
  99    0.0 2.0e-02   0.971       0.47 5.5312e-08  34.730       -225  -34.730   0.212  0.0105    1.0     8.00      3267  0.950
 100    0.0 1.9e-02   1.032       0.49 5.717e-08   33.847       -220  -33.847   0.515  0.0286    1.0     8.00      3300  0.950
 101    0.0 1.8e-02   0.995       0.49 5.44e-08    33.678       -221  -33.678   0.030  0.0000    1.1     7.99      3333  0.950
 102    0.0 1.7e-02   1.035       0.48 5.8653e-08  33.661       -221  -33.661   0.152  0.0131    1.0     8.00      3366  0.950
 103    0.0 1.6e-02   0.971       0.47 4.8574e-08  35.368       -226  -35.368   0.061  0.0126    1.0     8.00      3399  0.950
 104    0.0 1.3e-02   1.000       0.47 5.2875e-08  34.169       -220  -34.169   0.182  0.0069    1.0     8.00      3432  0.800
 105    0.0 1.2e-02   0.976       0.46 5.1184e-08  34.169       -220  -34.169   0.273  0.0184    1.0     8.00      3465  0.950
 106    0.0 1.2e-02   0.975       0.46 4.508e-08   35.331       -224  -35.331   0.212  0.0114    1.0     8.00      3498  0.950
 107    0.0 1.1e-02   1.036       0.46 5.3022e-08  33.611       -217  -33.611   0.091  0.0189    1.0     8.00      3531  0.950
 108    0.0 9.0e-03   1.002       0.46 4.5796e-08  34.706       -219  -34.706   0.152  0.0121    1.0     8.00      3564  0.800
 109    0.0 8.5e-03   0.982       0.46 5.5827e-08  33.678       -221  -33.678   0.182  0.0121    1.0     8.00      3597  0.950
 110    0.0 8.1e-03   0.994       0.46 4.5907e-08  33.678       -217  -33.678   0.030  0.0000    1.0     8.00      3630  0.950
 111    0.0 6.5e-03   1.000       0.46 4.6055e-08  33.574       -216  -33.574   0.000  0.0000    1.0     8.00      3663  0.800
 112    0.0 5.2e-03   1.000       0.46 4.6055e-08  33.574       -216  -33.574   0.000  0.0000    1.0     8.00      3696  0.800
 113    0.0 4.1e-03   1.000       0.46 4.6055e-08  33.574       -216  -33.574   0.000  0.0000    1.0     8.00      3729  0.800
 114    0.0 3.3e-03   1.000       0.46 4.6055e-08  33.574       -216  -33.574   0.000  0.0000    1.0     8.00      3762  0.800
 115    0.0 2.7e-03   1.000       0.46 4.6055e-08  33.574       -216  -33.574   0.000  0.0000    1.0     8.00      3795  0.800
 116    0.0 2.1e-03   1.003       0.46 4.6433e-08  33.574       -216  -33.574   0.061  0.0039    1.0     8.00      3828  0.800
 117    0.0 1.7e-03   1.000       0.46 4.6055e-08  33.574       -216  -33.574   0.000  0.0000    1.0     8.00      3861  0.800
 118    0.0 1.4e-03   1.000       0.46 4.6055e-08  33.574       -216  -33.574   0.000  0.0000    1.0     8.00      3894  0.800
 119    0.0 1.1e-03   1.000       0.46 4.6055e-08  33.574       -216  -33.574   0.000  0.0000    1.0     8.00      3927  0.800
 120    0.0 8.7e-04   1.000       0.46 4.6055e-08  33.574       -216  -33.574   0.000  0.0000    1.0     8.00      3960  0.800
 121    0.0 7.0e-04   1.000       0.46 4.6055e-08  33.574       -216  -33.574   0.000  0.0000    1.0     8.00      3993  0.800
 122    0.0 5.6e-04   1.000       0.46 4.6055e-08  33.574       -216  -33.574   0.000  0.0000    1.0     8.00      4026  0.800
 123    0.0 0.0e+00   1.000       0.46 4.6055e-08  33.574       -216  -33.574   0.000  0.0000    1.0     8.00      4059  0.800
## Placement Quench took 0.00 seconds (max_rss 446.8 MiB)

BB estimate of min-dist (placement) wire length: 235

Completed placement consistency check successfully.

Swaps called: 4073

Aborted Move Reasons:
  No moves aborted

Placement estimated critical path delay (least slack): 33.5737 ns, Fmax: 29.7852 MHz
Placement estimated setup Worst Negative Slack (sWNS): -33.5737 ns
Placement estimated setup Total Negative Slack (sTNS): -216.202 ns

Placement estimated setup slack histogram:
[ -3.4e-08: -3.3e-08) 1 ( 14.3%) |*************************
[ -3.3e-08: -3.2e-08) 2 ( 28.6%) |*************************************************
[ -3.2e-08: -3.1e-08) 2 ( 28.6%) |*************************************************
[ -3.1e-08:   -3e-08) 1 ( 14.3%) |*************************
[   -3e-08:   -3e-08) 0 (  0.0%) |
[   -3e-08: -2.9e-08) 0 (  0.0%) |
[ -2.9e-08: -2.8e-08) 0 (  0.0%) |
[ -2.8e-08: -2.7e-08) 0 (  0.0%) |
[ -2.7e-08: -2.6e-08) 0 (  0.0%) |
[ -2.6e-08: -2.6e-08) 1 ( 14.3%) |*************************

Placement estimated geomean non-virtual intra-domain period: nan ns (nan MHz)
Placement estimated fanout-weighted geomean non-virtual intra-domain period: nan ns (nan MHz)

Placement cost: 1, bb_cost: 0.463564, td_cost: 4.60549e-08, 

Placement resource usage:
  PB-LOGIC   implemented as TL-LOGIC  : 2
  PB-SYN_VCC implemented as TL-SYN_VCC: 1
  PB-BIDIR   implemented as TL-BIDIR  : 10
  PB-SYN_GND implemented as TL-SYN_GND: 1

Placement number of temperatures: 123
Placement total # of swap attempts: 4073
	Swaps accepted: 1386 (34.0 %)
	Swaps rejected:  639 (15.7 %)
	Swaps aborted : 2048 (50.3 %)
Placement Quench timing analysis took 2.0076e-05 seconds (1.4538e-05 STA, 5.538e-06 slack) (1 full updates: 1 setup, 0 hold, 0 combined).
Placement Total  timing analysis took 0.00403099 seconds (0.00283508 STA, 0.00119592 slack) (125 full updates: 125 setup, 0 hold, 0 combined).
update_td_costs: connections 0 nets 0 sum_nets 0 total 0
Incr Slack updates 125 in 0.000447303 sec
Full Max Req/Worst Slack updates 63 in 9.4154e-05 sec
Incr Max Req/Worst Slack updates 62 in 7.4467e-05 sec
Incr Criticality updates 16 in 2.9616e-05 sec
Full Criticality updates 109 in 0.000260618 sec
# Placement took 1.33 seconds (max_rss 446.8 MiB, delta_rss +57.3 MiB)

Flow timing analysis took 0.00403099 seconds (0.00283508 STA, 0.00119592 slack) (125 full updates: 125 setup, 0 hold, 0 combined).
VPR succeeded
The entire flow of VPR took 40.54 seconds (max_rss 446.8 MiB)
