#Timing report of worst 7 path(s)
# Unit scale: 1e-09 seconds
# Output precision: 3

#Path 1
Startpoint: B.inpad[0] (.input clocked by virtual_io_clock)
Endpoint  : out:a.outpad[0] (.output clocked by virtual_io_clock)
Path Type : setup

Point                                                                  Incr      Path
-------------------------------------------------------------------------------------
clock virtual_io_clock (rise edge)                                    0.000     0.000
clock source latency                                                  0.000     0.000
input external delay                                                  0.000     0.000
B.inpad[0] (.input)                                                   0.000     0.000
$iopadmap$disp_dec.B.I_PAD_$inp[0] (BIDIR_CELL)                       0.000     0.000
$iopadmap$disp_dec.B.I_DAT[0] (BIDIR_CELL)                           10.958    10.958
a_LUT2_O.t_frag.XSL[0] (T_FRAG)                                       0.000    10.958
a_LUT2_O.t_frag.XZ[0] (T_FRAG)                                        1.462    12.420
$iopadmap$disp_dec.a.O_DAT[0] (BIDIR_CELL)                            0.000    12.420
$iopadmap$disp_dec.a.O_PAD_$out[0] (BIDIR_CELL)                       9.809    22.229
out:a.outpad[0] (.output)                                             0.000    22.229
data arrival time                                                              22.229

clock virtual_io_clock (rise edge)                                    0.000     0.000
clock source latency                                                  0.000     0.000
clock uncertainty                                                     0.000     0.000
output external delay                                                 0.000     0.000
data required time                                                              0.000
-------------------------------------------------------------------------------------
data required time                                                              0.000
data arrival time                                                             -22.229
-------------------------------------------------------------------------------------
slack (VIOLATED)                                                              -22.229


#Path 2
Startpoint: B.inpad[0] (.input clocked by virtual_io_clock)
Endpoint  : out:d.outpad[0] (.output clocked by virtual_io_clock)
Path Type : setup

Point                                                                  Incr      Path
-------------------------------------------------------------------------------------
clock virtual_io_clock (rise edge)                                    0.000     0.000
clock source latency                                                  0.000     0.000
input external delay                                                  0.000     0.000
B.inpad[0] (.input)                                                   0.000     0.000
$iopadmap$disp_dec.B.I_PAD_$inp[0] (BIDIR_CELL)                       0.000     0.000
$iopadmap$disp_dec.B.I_DAT[0] (BIDIR_CELL)                           10.958    10.958
a_LUT2_O.t_frag.XSL[0] (T_FRAG)                                       0.000    10.958
a_LUT2_O.t_frag.XZ[0] (T_FRAG)                                        1.462    12.420
$iopadmap$disp_dec.d.O_DAT[0] (BIDIR_CELL)                            0.000    12.420
$iopadmap$disp_dec.d.O_PAD_$out[0] (BIDIR_CELL)                       9.809    22.229
out:d.outpad[0] (.output)                                             0.000    22.229
data arrival time                                                              22.229

clock virtual_io_clock (rise edge)                                    0.000     0.000
clock source latency                                                  0.000     0.000
clock uncertainty                                                     0.000     0.000
output external delay                                                 0.000     0.000
data required time                                                              0.000
-------------------------------------------------------------------------------------
data required time                                                              0.000
data arrival time                                                             -22.229
-------------------------------------------------------------------------------------
slack (VIOLATED)                                                              -22.229


#Path 3
Startpoint: A.inpad[0] (.input clocked by virtual_io_clock)
Endpoint  : out:c.outpad[0] (.output clocked by virtual_io_clock)
Path Type : setup

Point                                                                  Incr      Path
-------------------------------------------------------------------------------------
clock virtual_io_clock (rise edge)                                    0.000     0.000
clock source latency                                                  0.000     0.000
input external delay                                                  0.000     0.000
A.inpad[0] (.input)                                                   0.000     0.000
$iopadmap$disp_dec.A.I_PAD_$inp[0] (BIDIR_CELL)                       0.000     0.000
$iopadmap$disp_dec.A.I_DAT[0] (BIDIR_CELL)                           10.958    10.958
c_LUT2_O.t_frag.XSL[0] (T_FRAG)                                       0.000    10.958
c_LUT2_O.t_frag.XZ[0] (T_FRAG)                                        1.462    12.420
$iopadmap$disp_dec.c.O_DAT[0] (BIDIR_CELL)                            0.000    12.420
$iopadmap$disp_dec.c.O_PAD_$out[0] (BIDIR_CELL)                       9.809    22.229
out:c.outpad[0] (.output)                                             0.000    22.229
data arrival time                                                              22.229

clock virtual_io_clock (rise edge)                                    0.000     0.000
clock source latency                                                  0.000     0.000
clock uncertainty                                                     0.000     0.000
output external delay                                                 0.000     0.000
data required time                                                              0.000
-------------------------------------------------------------------------------------
data required time                                                              0.000
data arrival time                                                             -22.229
-------------------------------------------------------------------------------------
slack (VIOLATED)                                                              -22.229


#Path 4
Startpoint: B.inpad[0] (.input clocked by virtual_io_clock)
Endpoint  : out:f.outpad[0] (.output clocked by virtual_io_clock)
Path Type : setup

Point                                                                  Incr      Path
-------------------------------------------------------------------------------------
clock virtual_io_clock (rise edge)                                    0.000     0.000
clock source latency                                                  0.000     0.000
input external delay                                                  0.000     0.000
B.inpad[0] (.input)                                                   0.000     0.000
$iopadmap$disp_dec.B.I_PAD_$inp[0] (BIDIR_CELL)                       0.000     0.000
$iopadmap$disp_dec.B.I_DAT[0] (BIDIR_CELL)                           10.958    10.958
f_LUT2_O.t_frag.XSL[0] (T_FRAG)                                       0.000    10.958
f_LUT2_O.t_frag.XZ[0] (T_FRAG)                                        1.462    12.420
$iopadmap$disp_dec.f.O_DAT[0] (BIDIR_CELL)                            0.000    12.420
$iopadmap$disp_dec.f.O_PAD_$out[0] (BIDIR_CELL)                       9.809    22.229
out:f.outpad[0] (.output)                                             0.000    22.229
data arrival time                                                              22.229

clock virtual_io_clock (rise edge)                                    0.000     0.000
clock source latency                                                  0.000     0.000
clock uncertainty                                                     0.000     0.000
output external delay                                                 0.000     0.000
data required time                                                              0.000
-------------------------------------------------------------------------------------
data required time                                                              0.000
data arrival time                                                             -22.229
-------------------------------------------------------------------------------------
slack (VIOLATED)                                                              -22.229


#Path 5
Startpoint: B.inpad[0] (.input clocked by virtual_io_clock)
Endpoint  : out:led.outpad[0] (.output clocked by virtual_io_clock)
Path Type : setup

Point                                                                    Incr      Path
---------------------------------------------------------------------------------------
clock virtual_io_clock (rise edge)                                      0.000     0.000
clock source latency                                                    0.000     0.000
input external delay                                                    0.000     0.000
B.inpad[0] (.input)                                                     0.000     0.000
$iopadmap$disp_dec.B.I_PAD_$inp[0] (BIDIR_CELL)                         0.000     0.000
$iopadmap$disp_dec.B.I_DAT[0] (BIDIR_CELL)                             10.958    10.958
led_LUT2_O.t_frag.XSL[0] (T_FRAG)                                       0.000    10.958
led_LUT2_O.t_frag.XZ[0] (T_FRAG)                                        1.462    12.420
$iopadmap$disp_dec.led.O_DAT[0] (BIDIR_CELL)                            0.000    12.420
$iopadmap$disp_dec.led.O_PAD_$out[0] (BIDIR_CELL)                       9.809    22.229
out:led.outpad[0] (.output)                                             0.000    22.229
data arrival time                                                                22.229

clock virtual_io_clock (rise edge)                                      0.000     0.000
clock source latency                                                    0.000     0.000
clock uncertainty                                                       0.000     0.000
output external delay                                                   0.000     0.000
data required time                                                                0.000
---------------------------------------------------------------------------------------
data required time                                                                0.000
data arrival time                                                               -22.229
---------------------------------------------------------------------------------------
slack (VIOLATED)                                                                -22.229


#Path 6
Startpoint: B.inpad[0] (.input clocked by virtual_io_clock)
Endpoint  : out:e.outpad[0] (.output clocked by virtual_io_clock)
Path Type : setup

Point                                                                  Incr      Path
-------------------------------------------------------------------------------------
clock virtual_io_clock (rise edge)                                    0.000     0.000
clock source latency                                                  0.000     0.000
input external delay                                                  0.000     0.000
B.inpad[0] (.input)                                                   0.000     0.000
$iopadmap$disp_dec.B.I_PAD_$inp[0] (BIDIR_CELL)                       0.000     0.000
$iopadmap$disp_dec.B.I_DAT[0] (BIDIR_CELL)                           10.958    10.958
e_LUT1_O.f_frag.FS[0] (F_FRAG)                                        0.000    10.958
e_LUT1_O.f_frag.FZ[0] (F_FRAG)                                        0.612    11.570
$iopadmap$disp_dec.e.O_DAT[0] (BIDIR_CELL)                            0.000    11.570
$iopadmap$disp_dec.e.O_PAD_$out[0] (BIDIR_CELL)                       9.809    21.379
out:e.outpad[0] (.output)                                             0.000    21.379
data arrival time                                                              21.379

clock virtual_io_clock (rise edge)                                    0.000     0.000
clock source latency                                                  0.000     0.000
clock uncertainty                                                     0.000     0.000
output external delay                                                 0.000     0.000
data required time                                                              0.000
-------------------------------------------------------------------------------------
data required time                                                              0.000
data arrival time                                                             -21.379
-------------------------------------------------------------------------------------
slack (VIOLATED)                                                              -21.379


#Path 7
Startpoint: A.inpad[0] (.input clocked by virtual_io_clock)
Endpoint  : out:g.outpad[0] (.output clocked by virtual_io_clock)
Path Type : setup

Point                                                                  Incr      Path
-------------------------------------------------------------------------------------
clock virtual_io_clock (rise edge)                                    0.000     0.000
clock source latency                                                  0.000     0.000
input external delay                                                  0.000     0.000
A.inpad[0] (.input)                                                   0.000     0.000
$iopadmap$disp_dec.A.I_PAD_$inp[0] (BIDIR_CELL)                       0.000     0.000
$iopadmap$disp_dec.A.I_DAT[0] (BIDIR_CELL)                           10.958    10.958
$iopadmap$disp_dec.g.O_DAT[0] (BIDIR_CELL)                            0.000    10.958
$iopadmap$disp_dec.g.O_PAD_$out[0] (BIDIR_CELL)                       9.809    20.767
out:g.outpad[0] (.output)                                             0.000    20.767
data arrival time                                                              20.767

clock virtual_io_clock (rise edge)                                    0.000     0.000
clock source latency                                                  0.000     0.000
clock uncertainty                                                     0.000     0.000
output external delay                                                 0.000     0.000
data required time                                                              0.000
-------------------------------------------------------------------------------------
data required time                                                              0.000
data arrival time                                                             -20.767
-------------------------------------------------------------------------------------
slack (VIOLATED)                                                              -20.767


#End of timing report
