#Timing report of worst 7 path(s)
# Unit scale: 1e-09 seconds
# Output precision: 3

#Path 1
Startpoint: B.inpad[0] (.input clocked by virtual_io_clock)
Endpoint  : out:d.outpad[0] (.output clocked by virtual_io_clock)
Path Type : setup

Point                                                                  Incr      Path
-------------------------------------------------------------------------------------
clock virtual_io_clock (rise edge)                                    0.000     0.000
clock source latency                                                  0.000     0.000
input external delay                                                  0.000     0.000
B.inpad[0] (.input)                                                   0.000     0.000
$iopadmap$disp_dec.B.I_PAD_$inp[0] (BIDIR_CELL)                       0.000     0.000
$iopadmap$disp_dec.B.I_DAT[0] (BIDIR_CELL)                           10.958    10.958
a_LUT2_O.t_frag.XSL[0] (T_FRAG)                                       5.336    16.294
a_LUT2_O.t_frag.XZ[0] (T_FRAG)                                        1.462    17.756
$iopadmap$disp_dec.d.O_DAT[0] (BIDIR_CELL)                            6.810    24.566
$iopadmap$disp_dec.d.O_PAD_$out[0] (BIDIR_CELL)                       9.809    34.375
out:d.outpad[0] (.output)                                             0.000    34.375
data arrival time                                                              34.375

clock virtual_io_clock (rise edge)                                    0.000     0.000
clock source latency                                                  0.000     0.000
clock uncertainty                                                     0.000     0.000
output external delay                                                 0.000     0.000
data required time                                                              0.000
-------------------------------------------------------------------------------------
data required time                                                              0.000
data arrival time                                                             -34.375
-------------------------------------------------------------------------------------
slack (VIOLATED)                                                              -34.375


#Path 2
Startpoint: B.inpad[0] (.input clocked by virtual_io_clock)
Endpoint  : out:f.outpad[0] (.output clocked by virtual_io_clock)
Path Type : setup

Point                                                                  Incr      Path
-------------------------------------------------------------------------------------
clock virtual_io_clock (rise edge)                                    0.000     0.000
clock source latency                                                  0.000     0.000
input external delay                                                  0.000     0.000
B.inpad[0] (.input)                                                   0.000     0.000
$iopadmap$disp_dec.B.I_PAD_$inp[0] (BIDIR_CELL)                       0.000     0.000
$iopadmap$disp_dec.B.I_DAT[0] (BIDIR_CELL)                           10.958    10.958
f_LUT2_O.t_frag.XSL[0] (T_FRAG)                                       5.253    16.211
f_LUT2_O.t_frag.XZ[0] (T_FRAG)                                        1.406    17.617
$iopadmap$disp_dec.f.O_DAT[0] (BIDIR_CELL)                            5.744    23.360
$iopadmap$disp_dec.f.O_PAD_$out[0] (BIDIR_CELL)                       9.809    33.169
out:f.outpad[0] (.output)                                             0.000    33.169
data arrival time                                                              33.169

clock virtual_io_clock (rise edge)                                    0.000     0.000
clock source latency                                                  0.000     0.000
clock uncertainty                                                     0.000     0.000
output external delay                                                 0.000     0.000
data required time                                                              0.000
-------------------------------------------------------------------------------------
data required time                                                              0.000
data arrival time                                                             -33.169
-------------------------------------------------------------------------------------
slack (VIOLATED)                                                              -33.169


#Path 3
Startpoint: B.inpad[0] (.input clocked by virtual_io_clock)
Endpoint  : out:e.outpad[0] (.output clocked by virtual_io_clock)
Path Type : setup

Point                                                                  Incr      Path
-------------------------------------------------------------------------------------
clock virtual_io_clock (rise edge)                                    0.000     0.000
clock source latency                                                  0.000     0.000
input external delay                                                  0.000     0.000
B.inpad[0] (.input)                                                   0.000     0.000
$iopadmap$disp_dec.B.I_PAD_$inp[0] (BIDIR_CELL)                       0.000     0.000
$iopadmap$disp_dec.B.I_DAT[0] (BIDIR_CELL)                           10.958    10.958
e_LUT1_O.f_frag.FS[0] (F_FRAG)                                        5.241    16.199
e_LUT1_O.f_frag.FZ[0] (F_FRAG)                                        0.612    16.811
$iopadmap$disp_dec.e.O_DAT[0] (BIDIR_CELL)                            6.444    23.255
$iopadmap$disp_dec.e.O_PAD_$out[0] (BIDIR_CELL)                       9.809    33.064
out:e.outpad[0] (.output)                                             0.000    33.064
data arrival time                                                              33.064

clock virtual_io_clock (rise edge)                                    0.000     0.000
clock source latency                                                  0.000     0.000
clock uncertainty                                                     0.000     0.000
output external delay                                                 0.000     0.000
data required time                                                              0.000
-------------------------------------------------------------------------------------
data required time                                                              0.000
data arrival time                                                             -33.064
-------------------------------------------------------------------------------------
slack (VIOLATED)                                                              -33.064


#Path 4
Startpoint: B.inpad[0] (.input clocked by virtual_io_clock)
Endpoint  : out:a.outpad[0] (.output clocked by virtual_io_clock)
Path Type : setup

Point                                                                  Incr      Path
-------------------------------------------------------------------------------------
clock virtual_io_clock (rise edge)                                    0.000     0.000
clock source latency                                                  0.000     0.000
input external delay                                                  0.000     0.000
B.inpad[0] (.input)                                                   0.000     0.000
$iopadmap$disp_dec.B.I_PAD_$inp[0] (BIDIR_CELL)                       0.000     0.000
$iopadmap$disp_dec.B.I_DAT[0] (BIDIR_CELL)                           10.958    10.958
a_LUT2_O.t_frag.XSL[0] (T_FRAG)                                       5.336    16.294
a_LUT2_O.t_frag.XZ[0] (T_FRAG)                                        1.462    17.756
$iopadmap$disp_dec.a.O_DAT[0] (BIDIR_CELL)                            5.462    23.219
$iopadmap$disp_dec.a.O_PAD_$out[0] (BIDIR_CELL)                       9.809    33.028
out:a.outpad[0] (.output)                                             0.000    33.028
data arrival time                                                              33.028

clock virtual_io_clock (rise edge)                                    0.000     0.000
clock source latency                                                  0.000     0.000
clock uncertainty                                                     0.000     0.000
output external delay                                                 0.000     0.000
data required time                                                              0.000
-------------------------------------------------------------------------------------
data required time                                                              0.000
data arrival time                                                             -33.028
-------------------------------------------------------------------------------------
slack (VIOLATED)                                                              -33.028


#Path 5
Startpoint: B.inpad[0] (.input clocked by virtual_io_clock)
Endpoint  : out:led.outpad[0] (.output clocked by virtual_io_clock)
Path Type : setup

Point                                                                    Incr      Path
---------------------------------------------------------------------------------------
clock virtual_io_clock (rise edge)                                      0.000     0.000
clock source latency                                                    0.000     0.000
input external delay                                                    0.000     0.000
B.inpad[0] (.input)                                                     0.000     0.000
$iopadmap$disp_dec.B.I_PAD_$inp[0] (BIDIR_CELL)                         0.000     0.000
$iopadmap$disp_dec.B.I_DAT[0] (BIDIR_CELL)                             10.958    10.958
led_LUT2_O.t_frag.XSL[0] (T_FRAG)                                       5.301    16.259
led_LUT2_O.t_frag.XZ[0] (T_FRAG)                                        1.406    17.665
$iopadmap$disp_dec.led.O_DAT[0] (BIDIR_CELL)                            4.017    21.683
$iopadmap$disp_dec.led.O_PAD_$out[0] (BIDIR_CELL)                       9.809    31.492
out:led.outpad[0] (.output)                                             0.000    31.492
data arrival time                                                                31.492

clock virtual_io_clock (rise edge)                                      0.000     0.000
clock source latency                                                    0.000     0.000
clock uncertainty                                                       0.000     0.000
output external delay                                                   0.000     0.000
data required time                                                                0.000
---------------------------------------------------------------------------------------
data required time                                                                0.000
data arrival time                                                               -31.492
---------------------------------------------------------------------------------------
slack (VIOLATED)                                                                -31.492


#Path 6
Startpoint: B.inpad[0] (.input clocked by virtual_io_clock)
Endpoint  : out:c.outpad[0] (.output clocked by virtual_io_clock)
Path Type : setup

Point                                                                  Incr      Path
-------------------------------------------------------------------------------------
clock virtual_io_clock (rise edge)                                    0.000     0.000
clock source latency                                                  0.000     0.000
input external delay                                                  0.000     0.000
B.inpad[0] (.input)                                                   0.000     0.000
$iopadmap$disp_dec.B.I_PAD_$inp[0] (BIDIR_CELL)                       0.000     0.000
$iopadmap$disp_dec.B.I_DAT[0] (BIDIR_CELL)                           10.958    10.958
c_LUT2_O.t_frag.XAB[0] (T_FRAG)                                       5.299    16.257
c_LUT2_O.t_frag.XZ[0] (T_FRAG)                                        1.305    17.562
$iopadmap$disp_dec.c.O_DAT[0] (BIDIR_CELL)                            3.913    21.475
$iopadmap$disp_dec.c.O_PAD_$out[0] (BIDIR_CELL)                       9.809    31.284
out:c.outpad[0] (.output)                                             0.000    31.284
data arrival time                                                              31.284

clock virtual_io_clock (rise edge)                                    0.000     0.000
clock source latency                                                  0.000     0.000
clock uncertainty                                                     0.000     0.000
output external delay                                                 0.000     0.000
data required time                                                              0.000
-------------------------------------------------------------------------------------
data required time                                                              0.000
data arrival time                                                             -31.284
-------------------------------------------------------------------------------------
slack (VIOLATED)                                                              -31.284


#Path 7
Startpoint: A.inpad[0] (.input clocked by virtual_io_clock)
Endpoint  : out:g.outpad[0] (.output clocked by virtual_io_clock)
Path Type : setup

Point                                                                  Incr      Path
-------------------------------------------------------------------------------------
clock virtual_io_clock (rise edge)                                    0.000     0.000
clock source latency                                                  0.000     0.000
input external delay                                                  0.000     0.000
A.inpad[0] (.input)                                                   0.000     0.000
$iopadmap$disp_dec.A.I_PAD_$inp[0] (BIDIR_CELL)                       0.000     0.000
$iopadmap$disp_dec.A.I_DAT[0] (BIDIR_CELL)                           10.958    10.958
$iopadmap$disp_dec.g.O_DAT[0] (BIDIR_CELL)                            5.442    16.400
$iopadmap$disp_dec.g.O_PAD_$out[0] (BIDIR_CELL)                       9.809    26.209
out:g.outpad[0] (.output)                                             0.000    26.209
data arrival time                                                              26.209

clock virtual_io_clock (rise edge)                                    0.000     0.000
clock source latency                                                  0.000     0.000
clock uncertainty                                                     0.000     0.000
output external delay                                                 0.000     0.000
data required time                                                              0.000
-------------------------------------------------------------------------------------
data required time                                                              0.000
data arrival time                                                             -26.209
-------------------------------------------------------------------------------------
slack (VIOLATED)                                                              -26.209


#End of timing report
